# This file contains timing information
# For instructions on how to decipher this information,
# see [enzo base directory]/src/performance_tools/README.
# Times are collected across MPI processes and presented as:
# Level_N/Total, mean time, std_dev time, min time, max time, cell updates, grids, cell updates/processor/sec
# Routine, mean time, std_dev time, min time, max time 
# Starting performance log. MPI processes: 1

Cycle_Number 1
CommunicationTranspose 0.000000e+00 0.000000e+00 0.000000e+00 0.000000e+00
ComputePotentialFieldLevelZero 0.000000e+00 0.000000e+00 0.000000e+00 0.000000e+00
Group_WriteAllData 1.813124e+00 0.000000e+00 1.813124e+00 1.813124e+00
Level_00 1.004766e-02 0.000000e+00 1.004766e-02 1.004766e-02 4.096000e+03 1 4.076570e+05
Level_01 3.501016e-03 0.000000e+00 3.501016e-03 3.501016e-03 1.092000e+03 3 3.119095e+05
Level_02 1.642623e-02 0.000000e+00 1.642623e-02 1.642623e-02 6.420000e+03 7 3.908384e+05
RebuildHierarchy 7.797281e-03 0.000000e+00 7.797281e-03 7.797281e-03
SetBoundaryConditions 7.959660e-03 0.000000e+00 7.959660e-03 7.959660e-03
SolveHydroEquations 0.000000e+00 0.000000e+00 0.000000e+00 0.000000e+00
Total 3.703701e-02 0.000000e+00 3.703701e-02 3.703701e-02 1.160800e+04 11 3.134162e+05

Cycle_Number 2
CommunicationTranspose 0.000000e+00 0.000000e+00 0.000000e+00 0.000000e+00
ComputePotentialFieldLevelZero 0.000000e+00 0.000000e+00 0.000000e+00 0.000000e+00
Group_WriteAllData 0.000000e+00 0.000000e+00 0.000000e+00 0.000000e+00
Level_00 3.213017e-03 0.000000e+00 3.213017e-03 3.213017e-03 4.096000e+03 1 1.274814e+06
Level_01 7.661160e-04 0.000000e+00 7.661160e-04 7.661160e-04 4.920000e+02 4 6.422004e+05
Level_02 4.055697e-03 0.000000e+00 4.055697e-03 4.055697e-03 4.080000e+03 3 1.005992e+06
RebuildHierarchy 1.288810e-03 0.000000e+00 1.288810e-03 1.288810e-03
SetBoundaryConditions 1.675950e-03 0.000000e+00 1.675950e-03 1.675950e-03
SolveHydroEquations 0.000000e+00 0.000000e+00 0.000000e+00 0.000000e+00
Total 1.007079e-02 0.000000e+00 1.007079e-02 1.007079e-02 8.668000e+03 8 8.607071e+05

# This file contains timing information
# For instructions on how to decipher this information,
# see [enzo base directory]/src/performance_tools/README.
# Times are collected across MPI processes and presented as:
# Level_N/Total, mean time, std_dev time, min time, max time, cell updates, grids, cell updates/processor/sec
# Routine, mean time, std_dev time, min time, max time 
# Starting performance log. MPI processes: 1

Cycle_Number 1
CommunicationTranspose 0.000000e+00 0.000000e+00 0.000000e+00 0.000000e+00
ComputePotentialFieldLevelZero 0.000000e+00 0.000000e+00 0.000000e+00 0.000000e+00
Group_WriteAllData 1.799732e+00 0.000000e+00 1.799732e+00 1.799732e+00
Level_00 9.983330e-03 0.000000e+00 9.983330e-03 9.983330e-03 4.096000e+03 1 4.102839e+05
Level_01 3.648776e-03 0.000000e+00 3.648776e-03 3.648776e-03 1.092000e+03 3 2.992784e+05
Level_02 1.863059e-02 0.000000e+00 1.863059e-02 1.863059e-02 6.420000e+03 7 3.445945e+05
RebuildHierarchy 7.513963e-03 0.000000e+00 7.513963e-03 7.513963e-03
SetBoundaryConditions 8.667293e-03 0.000000e+00 8.667293e-03 8.667293e-03
SolveHydroEquations 0.000000e+00 0.000000e+00 0.000000e+00 0.000000e+00
Total 3.903589e-02 0.000000e+00 3.903589e-02 3.903589e-02 1.160800e+04 11 2.973674e+05

Cycle_Number 2
CommunicationTranspose 0.000000e+00 0.000000e+00 0.000000e+00 0.000000e+00
ComputePotentialFieldLevelZero 0.000000e+00 0.000000e+00 0.000000e+00 0.000000e+00
Group_WriteAllData 0.000000e+00 0.000000e+00 0.000000e+00 0.000000e+00
Level_00 3.445390e-03 0.000000e+00 3.445390e-03 3.445390e-03 4.096000e+03 1 1.188835e+06
Level_01 7.604190e-04 0.000000e+00 7.604190e-04 7.604190e-04 4.920000e+02 4 6.470117e+05
Level_02 4.216889e-03 0.000000e+00 4.216889e-03 4.216889e-03 4.080000e+03 3 9.675379e+05
RebuildHierarchy 1.310510e-03 0.000000e+00 1.310510e-03 1.310510e-03
SetBoundaryConditions 1.749433e-03 0.000000e+00 1.749433e-03 1.749433e-03
SolveHydroEquations 0.000000e+00 0.000000e+00 0.000000e+00 0.000000e+00
Total 1.051080e-02 0.000000e+00 1.051080e-02 1.051080e-02 8.668000e+03 8 8.246757e+05

# This file contains timing information
# For instructions on how to decipher this information,
# see [enzo base directory]/src/performance_tools/README.
# Times are collected across MPI processes and presented as:
# Level_N/Total, mean time, std_dev time, min time, max time, cell updates, grids, cell updates/processor/sec
# Routine, mean time, std_dev time, min time, max time 
# Starting performance log. MPI processes: 1

Cycle_Number 1
CommunicationTranspose 0.000000e+00 0.000000e+00 0.000000e+00 0.000000e+00
ComputePotentialFieldLevelZero 0.000000e+00 0.000000e+00 0.000000e+00 0.000000e+00
Group_WriteAllData 1.802547e+00 0.000000e+00 1.802547e+00 1.802547e+00
Level_00 9.898811e-03 0.000000e+00 9.898811e-03 9.898811e-03 4.096000e+03 1 4.137871e+05
Level_01 3.399017e-03 0.000000e+00 3.399017e-03 3.399017e-03 1.092000e+03 3 3.212694e+05
Level_02 1.659671e-02 0.000000e+00 1.659671e-02 1.659671e-02 6.420000e+03 7 3.868236e+05
RebuildHierarchy 7.189075e-03 0.000000e+00 7.189075e-03 7.189075e-03
SetBoundaryConditions 7.809966e-03 0.000000e+00 7.809966e-03 7.809966e-03
SolveHydroEquations 0.000000e+00 0.000000e+00 0.000000e+00 0.000000e+00
Total 3.610895e-02 0.000000e+00 3.610895e-02 3.610895e-02 1.160800e+04 11 3.214715e+05

Cycle_Number 2
CommunicationTranspose 0.000000e+00 0.000000e+00 0.000000e+00 0.000000e+00
ComputePotentialFieldLevelZero 0.000000e+00 0.000000e+00 0.000000e+00 0.000000e+00
Group_WriteAllData 0.000000e+00 0.000000e+00 0.000000e+00 0.000000e+00
Level_00 3.217674e-03 0.000000e+00 3.217674e-03 3.217674e-03 4.096000e+03 1 1.272969e+06
Level_01 7.629520e-04 0.000000e+00 7.629520e-04 7.629520e-04 4.920000e+02 4 6.448636e+05
Level_02 4.008516e-03 0.000000e+00 4.008516e-03 4.008516e-03 4.080000e+03 3 1.017833e+06
RebuildHierarchy 1.247500e-03 0.000000e+00 1.247500e-03 1.247500e-03
SetBoundaryConditions 1.689053e-03 0.000000e+00 1.689053e-03 1.689053e-03
SolveHydroEquations 0.000000e+00 0.000000e+00 0.000000e+00 0.000000e+00
Total 9.973026e-03 0.000000e+00 9.973026e-03 9.973026e-03 8.668000e+03 8 8.691444e+05

# This file contains timing information
# For instructions on how to decipher this information,
# see [enzo base directory]/src/performance_tools/README.
# Times are collected across MPI processes and presented as:
# Level_N/Total, mean time, std_dev time, min time, max time, cell updates, grids, cell updates/processor/sec
# Routine, mean time, std_dev time, min time, max time 
# Starting performance log. MPI processes: 1

Cycle_Number 1
CommunicationTranspose 0.000000e+00 0.000000e+00 0.000000e+00 0.000000e+00
ComputePotentialFieldLevelZero 0.000000e+00 0.000000e+00 0.000000e+00 0.000000e+00
Group_WriteAllData 1.779234e+00 0.000000e+00 1.779234e+00 1.779234e+00
Level_00 9.511422e-03 0.000000e+00 9.511422e-03 9.511422e-03 4.096000e+03 1 4.306401e+05
Level_01 3.496983e-03 0.000000e+00 3.496983e-03 3.496983e-03 1.092000e+03 3 3.122692e+05
Level_02 1.702539e-02 0.000000e+00 1.702539e-02 1.702539e-02 6.420000e+03 7 3.770839e+05
RebuildHierarchy 7.460699e-03 0.000000e+00 7.460699e-03 7.460699e-03
SetBoundaryConditions 8.132693e-03 0.000000e+00 8.132693e-03 8.132693e-03
SolveHydroEquations 0.000000e+00 0.000000e+00 0.000000e+00 0.000000e+00
Total 3.667541e-02 0.000000e+00 3.667541e-02 3.667541e-02 1.160800e+04 11 3.165064e+05

Cycle_Number 2
CommunicationTranspose 0.000000e+00 0.000000e+00 0.000000e+00 0.000000e+00
ComputePotentialFieldLevelZero 0.000000e+00 0.000000e+00 0.000000e+00 0.000000e+00
Group_WriteAllData 0.000000e+00 0.000000e+00 0.000000e+00 0.000000e+00
Level_00 3.250021e-03 0.000000e+00 3.250021e-03 3.250021e-03 4.096000e+03 1 1.260300e+06
Level_01 7.583910e-04 0.000000e+00 7.583910e-04 7.583910e-04 4.920000e+02 4 6.487419e+05
Level_02 4.122235e-03 0.000000e+00 4.122235e-03 4.122235e-03 4.080000e+03 3 9.897543e+05
RebuildHierarchy 1.270346e-03 0.000000e+00 1.270346e-03 1.270346e-03
SetBoundaryConditions 1.754250e-03 0.000000e+00 1.754250e-03 1.754250e-03
SolveHydroEquations 0.000000e+00 0.000000e+00 0.000000e+00 0.000000e+00
Total 1.017494e-02 0.000000e+00 1.017494e-02 1.017494e-02 8.668000e+03 8 8.518968e+05

# This file contains timing information
# For instructions on how to decipher this information,
# see [enzo base directory]/src/performance_tools/README.
# Times are collected across MPI processes and presented as:
# Level_N/Total, mean time, std_dev time, min time, max time, cell updates, grids, cell updates/processor/sec
# Routine, mean time, std_dev time, min time, max time 
# Starting performance log. MPI processes: 1

Cycle_Number 1
CommunicationTranspose 0.000000e+00 0.000000e+00 0.000000e+00 0.000000e+00
ComputePotentialFieldLevelZero 0.000000e+00 0.000000e+00 0.000000e+00 0.000000e+00
Group_WriteAllData 1.754416e+00 0.000000e+00 1.754416e+00 1.754416e+00
Level_00 9.495207e-03 0.000000e+00 9.495207e-03 9.495207e-03 4.096000e+03 1 4.313755e+05
Level_01 3.388155e-03 0.000000e+00 3.388155e-03 3.388155e-03 1.092000e+03 3 3.222993e+05
Level_02 1.627650e-02 0.000000e+00 1.627650e-02 1.627650e-02 6.420000e+03 7 3.944336e+05
RebuildHierarchy 7.210963e-03 0.000000e+00 7.210963e-03 7.210963e-03
SetBoundaryConditions 7.831818e-03 0.000000e+00 7.831818e-03 7.831818e-03
SolveHydroEquations 0.000000e+00 0.000000e+00 0.000000e+00 0.000000e+00
Total 3.538402e-02 0.000000e+00 3.538402e-02 3.538402e-02 1.160800e+04 11 3.280577e+05

Cycle_Number 2
CommunicationTranspose 0.000000e+00 0.000000e+00 0.000000e+00 0.000000e+00
ComputePotentialFieldLevelZero 0.000000e+00 0.000000e+00 0.000000e+00 0.000000e+00
Group_WriteAllData 0.000000e+00 0.000000e+00 0.000000e+00 0.000000e+00
Level_00 3.189731e-03 0.000000e+00 3.189731e-03 3.189731e-03 4.096000e+03 1 1.284121e+06
Level_01 7.596200e-04 0.000000e+00 7.596200e-04 7.596200e-04 4.920000e+02 4 6.476923e+05
Level_02 4.028997e-03 0.000000e+00 4.028997e-03 4.028997e-03 4.080000e+03 3 1.012659e+06
RebuildHierarchy 1.249902e-03 0.000000e+00 1.249902e-03 1.249902e-03
SetBoundaryConditions 1.684428e-03 0.000000e+00 1.684428e-03 1.684428e-03
SolveHydroEquations 0.000000e+00 0.000000e+00 0.000000e+00 0.000000e+00
Total 9.966051e-03 0.000000e+00 9.966051e-03 9.966051e-03 8.668000e+03 8 8.697527e+05

# Starting performance log. MPI processes: 1

Cycle_Number 3
CommunicationTranspose 0.000000e+00 0.000000e+00 0.000000e+00 0.000000e+00
ComputePotentialFieldLevelZero 0.000000e+00 0.000000e+00 0.000000e+00 0.000000e+00
Level_00 1.012653e-02 0.000000e+00 1.012653e-02 1.012653e-02 4.096000e+03 1 4.044823e+05
Level_01 4.140446e-03 0.000000e+00 4.140446e-03 4.140446e-03 1.524000e+03 4 3.680763e+05
Level_02 2.256052e-02 0.000000e+00 2.256052e-02 2.256052e-02 9.772000e+03 17 4.331460e+05
RebuildHierarchy 9.289121e-03 0.000000e+00 9.289121e-03 9.289121e-03
SetBoundaryConditions 1.244663e-02 0.000000e+00 1.244663e-02 1.244663e-02
SolveHydroEquations 0.000000e+00 0.000000e+00 0.000000e+00 0.000000e+00
Total 4.478436e-02 0.000000e+00 4.478436e-02 4.478436e-02 1.539200e+04 22 3.436914e+05

Cycle_Number 4
CommunicationTranspose 0.000000e+00 0.000000e+00 0.000000e+00 0.000000e+00
ComputePotentialFieldLevelZero 0.000000e+00 0.000000e+00 0.000000e+00 0.000000e+00
Level_00 2.382724e-03 0.000000e+00 2.382724e-03 2.382724e-03 4.096000e+03 1 1.719041e+06
Level_01 1.171632e-03 0.000000e+00 1.171632e-03 1.171632e-03 1.144000e+03 4 9.764158e+05
Level_02 6.771870e-03 0.000000e+00 6.771870e-03 6.771870e-03 5.904000e+03 12 8.718419e+05
RebuildHierarchy 1.628394e-03 0.000000e+00 1.628394e-03 1.628394e-03
SetBoundaryConditions 3.771491e-03 0.000000e+00 3.771491e-03 3.771491e-03
SolveHydroEquations 0.000000e+00 0.000000e+00 0.000000e+00 0.000000e+00
Total 1.328351e-02 0.000000e+00 1.328351e-02 1.328351e-02 1.114400e+04 17 8.389350e+05

