# project julea (0.2) configured on Sun Jun 23 12:28:11 2019 by
# waf 2.0.15 (abi 20, python 20710f0 on linux2)
# using ./waf configure --gcov --debug --out build2
#
----------------------------------------
Setting top to
/src/julea/julea
----------------------------------------
Setting out to
/src/julea/julea/build2
----------------------------------------
Checking for 'gcc' (C compiler)
find program=['gcc', 'cc'] paths=['/src/julea/julea/dependencies/opt/spack/linux-ubuntu19.04-x86_64/gcc-8.3.0/hdf5-develop-4iami4kalqj7xgv2x2uv25dnzvz4xzwf/bin', '/src/julea/julea/dependencies/opt/spack/linux-ubuntu19.04-x86_64/gcc-8.3.0/libmongoc-1.9.5-a37k6hbsbanjkqibnmcc3letw7wshirg/bin', '/src/julea/julea/dependencies/opt/spack/linux-ubuntu19.04-x86_64/gcc-8.3.0/lmdb-0.9.22-3bizzlrzatz22sxltfacrptrervg4mfl/bin', '/src/julea/julea/dependencies/opt/spack/linux-ubuntu19.04-x86_64/gcc-8.3.0/glib-2.56.3-y4kalfnkzahoclmqcqcpwvxzw4nepwsi/bin', '/src/julea/julea/dependencies/opt/spack/linux-ubuntu19.04-x86_64/gcc-8.3.0/python-2.7.16-zpne4yrcqnmmgvxxlbtxhttrby4umy2c/bin', '/src/julea/julea/dependencies/opt/spack/linux-ubuntu19.04-x86_64/gcc-8.3.0/sqlite-3.26.0-bj4bz5sekpkuvg327y6zszili72sjuib/bin', '/src/julea/julea/dependencies/opt/spack/linux-ubuntu19.04-x86_64/gcc-8.3.0/openssl-1.1.1b-z4yx5sqn6eal3nusyqiyinhgwdhbpcnk/bin', '/src/julea/julea/dependencies/opt/spack/linux-ubuntu19.04-x86_64/gcc-8.3.0/expat-2.2.5-c3jkmcxfpi7dxosj4gfszgq66fqxcpdh/bin', '/src/julea/julea/dependencies/opt/spack/linux-ubuntu19.04-x86_64/gcc-8.3.0/perl-5.26.2-mskb5xldv7t5trtiafqcvfr5723xx2sx/bin', '/src/julea/julea/dependencies/opt/spack/linux-ubuntu19.04-x86_64/gcc-8.3.0/gdbm-1.18.1-o3ogwau3hf3woqahktztl4belwhno2lz/bin', '/src/julea/julea/dependencies/opt/spack/linux-ubuntu19.04-x86_64/gcc-8.3.0/readline-7.0-ehpo5duxthibdb4wwe3awhv2raeaf7xt/bin', '/src/julea/julea/dependencies/opt/spack/linux-ubuntu19.04-x86_64/gcc-8.3.0/pcre-8.42-yupgernpm6rywenufbupwypikx4b5xec/bin', '/src/julea/julea/dependencies/opt/spack/linux-ubuntu19.04-x86_64/gcc-8.3.0/gettext-0.19.8.1-xlmmd376ca5jlrvtqtr7qgofqhhaneyq/bin', '/src/julea/julea/dependencies/opt/spack/linux-ubuntu19.04-x86_64/gcc-8.3.0/tar-1.31-nfprhx3sjsblrfxitiftpl4gmmopaj3t/bin', '/src/julea/julea/dependencies/opt/spack/linux-ubuntu19.04-x86_64/gcc-8.3.0/ncurses-6.1-mlzmjd3eykltlvbv2vi7jgserwiudsy2/bin', '/src/julea/julea/dependencies/opt/spack/linux-ubuntu19.04-x86_64/gcc-8.3.0/libxml2-2.9.8-okyyrazmvwghoje27oejrfhoem7engly/bin', '/src/julea/julea/dependencies/opt/spack/linux-ubuntu19.04-x86_64/gcc-8.3.0/xz-5.2.4-wu55ii655dzyzh3g4bfdhy6bjo4hmepk/bin', '/src/julea/julea/dependencies/opt/spack/linux-ubuntu19.04-x86_64/gcc-8.3.0/libiconv-1.15-yr3qd5p47ps2kdm6hievq6fcz45myoan/bin', '/src/julea/julea/dependencies/opt/spack/linux-ubuntu19.04-x86_64/gcc-8.3.0/bzip2-1.0.6-kkt2kiubwwq2f6cn6uvbnvurg6q3lwii/bin', '/src/julea/julea/dependencies/opt/spack/linux-ubuntu19.04-x86_64/gcc-8.3.0/pkgconf-1.6.0-3hvode5en7wwbe3rekqrjgtic73jri26/bin', '/src/julea/julea/dependencies/opt/spack/linux-ubuntu19.04-x86_64/gcc-8.3.0/environment-modules-4.2.3-osxmlgyv7t4tjgh2dwn7lp532u6nzizy/bin', '/src/julea/julea/dependencies/bin', '/src/julea/julea/build/benchmark', '/src/julea/julea/build/server', '/src/julea/julea/build/test', '/src/julea/julea/build/tools', '/src/julea/julea/scripts', '/usr/local/sbin', '/usr/local/bin', '/usr/sbin', '/usr/bin', '/sbin', '/bin', '/usr/games', '/usr/local/games', '/snap/bin'] var='CC' -> ['afl-gcc']
['afl-gcc', '-dM', '-E', '-']
out: #define __SSP_STRONG__ 3
#define __DBL_MIN_EXP__ (-1021)
#define __FLT32X_MAX_EXP__ 1024
#define __UINT_LEAST16_MAX__ 0xffff
#define __ATOMIC_ACQUIRE 2
#define __FLT128_MAX_10_EXP__ 4932
#define __FLT_MIN__ 1.17549435082228750796873653722224568e-38F
#define __GCC_IEC_559_COMPLEX 2
#define __UINT_LEAST8_TYPE__ unsigned char
#define __SIZEOF_FLOAT80__ 16
#define __INTMAX_C(c) c ## L
#define __CHAR_BIT__ 8
#define __UINT8_MAX__ 0xff
#define __WINT_MAX__ 0xffffffffU
#define __FLT32_MIN_EXP__ (-125)
#define __ORDER_LITTLE_ENDIAN__ 1234
#define __SIZE_MAX__ 0xffffffffffffffffUL
#define __WCHAR_MAX__ 0x7fffffff
#define __GCC_HAVE_SYNC_COMPARE_AND_SWAP_1 1
#define __GCC_HAVE_SYNC_COMPARE_AND_SWAP_2 1
#define __GCC_HAVE_SYNC_COMPARE_AND_SWAP_4 1
#define __DBL_DENORM_MIN__ ((double)4.94065645841246544176568792868221372e-324L)
#define __GCC_HAVE_SYNC_COMPARE_AND_SWAP_8 1
#define __GCC_ATOMIC_CHAR_LOCK_FREE 2
#define __GCC_IEC_559 2
#define __FLT32X_DECIMAL_DIG__ 17
#define __FLT_EVAL_METHOD__ 0
#define __unix__ 1
#define __FLT64_DECIMAL_DIG__ 17
#define __GCC_ATOMIC_CHAR32_T_LOCK_FREE 2
#define __x86_64 1
#define __UINT_FAST64_MAX__ 0xffffffffffffffffUL
#define __SIG_ATOMIC_TYPE__ int
#define __DBL_MIN_10_EXP__ (-307)
#define __FINITE_MATH_ONLY__ 0
#define __GNUC_PATCHLEVEL__ 0
#define __FLT32_HAS_DENORM__ 1
#define __UINT_FAST8_MAX__ 0xff
#define __has_include(STR) __has_include__(STR)
#define __DEC64_MAX_EXP__ 385
#define __INT8_C(c) c
#define __INT_LEAST8_WIDTH__ 8
#define __UINT_LEAST64_MAX__ 0xffffffffffffffffUL
#define __SHRT_MAX__ 0x7fff
#define __LDBL_MAX__ 1.18973149535723176502126385303097021e+4932L
#define __FLT64X_MAX_10_EXP__ 4932
#define __UINT_LEAST8_MAX__ 0xff
#define __GCC_ATOMIC_BOOL_LOCK_FREE 2
#define __FLT128_DENORM_MIN__ 6.47517511943802511092443895822764655e-4966F128
#define __UINTMAX_TYPE__ long unsigned int
#define __linux 1
#define __DEC32_EPSILON__ 1E-6DF
#define __FLT_EVAL_METHOD_TS_18661_3__ 0
#define __OPTIMIZE__ 1
#define __unix 1
#define __UINT32_MAX__ 0xffffffffU
#define __LDBL_MAX_EXP__ 16384
#define __FLT128_MIN_EXP__ (-16381)
#define __WINT_MIN__ 0U
#define __linux__ 1
#define __FLT128_MIN_10_EXP__ (-4931)
#define __INT_LEAST16_WIDTH__ 16
#define __SCHAR_MAX__ 0x7f
#define __FLT128_MANT_DIG__ 113
#define __WCHAR_MIN__ (-__WCHAR_MAX__ - 1)
#define __INT64_C(c) c ## L
#define __DBL_DIG__ 15
#define __GCC_ATOMIC_POINTER_LOCK_FREE 2
#define __FLT64X_MANT_DIG__ 64
#define __SIZEOF_INT__ 4
#define __SIZEOF_POINTER__ 8
#define __USER_LABEL_PREFIX__ 
#define __FLT64X_EPSILON__ 1.08420217248550443400745280086994171e-19F64x
#define __STDC_HOSTED__ 1
#define __LDBL_HAS_INFINITY__ 1
#define __FLT32_DIG__ 6
#define __FLT_EPSILON__ 1.19209289550781250000000000000000000e-7F
#define __SHRT_WIDTH__ 16
#define __LDBL_MIN__ 3.36210314311209350626267781732175260e-4932L
#define __STDC_UTF_16__ 1
#define __DEC32_MAX__ 9.999999E96DF
#define __FLT64X_DENORM_MIN__ 3.64519953188247460252840593361941982e-4951F64x
#define __FLT32X_HAS_INFINITY__ 1
#define __INT32_MAX__ 0x7fffffff
#define __INT_WIDTH__ 32
#define __SIZEOF_LONG__ 8
#define __STDC_IEC_559__ 1
#define __STDC_ISO_10646__ 201706L
#define __UINT16_C(c) c
#define __PTRDIFF_WIDTH__ 64
#define __DECIMAL_DIG__ 21
#define __FLT64_EPSILON__ 2.22044604925031308084726333618164062e-16F64
#define __gnu_linux__ 1
#define __INTMAX_WIDTH__ 64
#define __has_include_next(STR) __has_include_next__(STR)
#define __FLT64X_MIN_10_EXP__ (-4931)
#define __LDBL_HAS_QUIET_NAN__ 1
#define __FLT64_MANT_DIG__ 53
#define __GNUC__ 8
#define __pie__ 2
#define __MMX__ 1
#define __FLT_HAS_DENORM__ 1
#define __SIZEOF_LONG_DOUBLE__ 16
#define __BIGGEST_ALIGNMENT__ 16
#define __FLT64_MAX_10_EXP__ 308
#define __DBL_MAX__ ((double)1.79769313486231570814527423731704357e+308L)
#define __INT_FAST32_MAX__ 0x7fffffffffffffffL
#define __DBL_HAS_INFINITY__ 1
#define __DEC32_MIN_EXP__ (-94)
#define __INTPTR_WIDTH__ 64
#define __FLT32X_HAS_DENORM__ 1
#define __INT_FAST16_TYPE__ long int
#define __LDBL_HAS_DENORM__ 1
#define __FLT128_HAS_INFINITY__ 1
#define __DEC128_MAX__ 9.999999999999999999999999999999999E6144DL
#define __INT_LEAST32_MAX__ 0x7fffffff
#define __DEC32_MIN__ 1E-95DF
#define __DBL_MAX_EXP__ 1024
#define __WCHAR_WIDTH__ 32
#define __FLT32_MAX__ 3.40282346638528859811704183484516925e+38F32
#define __DEC128_EPSILON__ 1E-33DL
#define __SSE2_MATH__ 1
#define __ATOMIC_HLE_RELEASE 131072
#define __PTRDIFF_MAX__ 0x7fffffffffffffffL
#define __amd64 1
#define __ATOMIC_HLE_ACQUIRE 65536
#define __FLT32_HAS_QUIET_NAN__ 1
#define __LONG_LONG_MAX__ 0x7fffffffffffffffLL
#define __SIZEOF_SIZE_T__ 8
#define __FLT64X_MIN_EXP__ (-16381)
#define __SIZEOF_WINT_T__ 4
#define __LONG_LONG_WIDTH__ 64
#define __SANITIZE_ADDRESS__ 1
#define __FLT32_MAX_EXP__ 128
#define __GCC_HAVE_DWARF2_CFI_ASM 1
#define __GXX_ABI_VERSION 1013
#define __FLT_MIN_EXP__ (-125)
#define __FLT64X_HAS_QUIET_NAN__ 1
#define __INT_FAST64_TYPE__ long int
#define __FLT64_DENORM_MIN__ 4.94065645841246544176568792868221372e-324F64
#define __DBL_MIN__ ((double)2.22507385850720138309023271733240406e-308L)
#define __PIE__ 2
#define __LP64__ 1
#define __FLT32X_EPSILON__ 2.22044604925031308084726333618164062e-16F32x
#define __DECIMAL_BID_FORMAT__ 1
#define __FLT64_MIN_EXP__ (-1021)
#define __FLT64_MIN_10_EXP__ (-307)
#define __FLT64X_DECIMAL_DIG__ 21
#define __DEC128_MIN__ 1E-6143DL
#define __REGISTER_PREFIX__ 
#define __UINT16_MAX__ 0xffff
#define __DBL_HAS_DENORM__ 1
#define __FLT32_MIN__ 1.17549435082228750796873653722224568e-38F32
#define __UINT8_TYPE__ unsigned char
#define __FLT_MANT_DIG__ 24
#define __LDBL_DECIMAL_DIG__ 21
#define __VERSION__ "8.3.0"
#define __UINT64_C(c) c ## UL
#define _STDC_PREDEF_H 1
#define __GCC_ATOMIC_INT_LOCK_FREE 2
#define __FLT128_MAX_EXP__ 16384
#define __FLT32_MANT_DIG__ 24
#define __FLOAT_WORD_ORDER__ __ORDER_LITTLE_ENDIAN__
#define __STDC_IEC_559_COMPLEX__ 1
#define __FLT128_HAS_DENORM__ 1
#define __FLT128_DIG__ 33
#define __SCHAR_WIDTH__ 8
#define __INT32_C(c) c
#define __DEC64_EPSILON__ 1E-15DD
#define __ORDER_PDP_ENDIAN__ 3412
#define __DEC128_MIN_EXP__ (-6142)
#define __FLT32_MAX_10_EXP__ 38
#define __INT_FAST32_TYPE__ long int
#define __UINT_LEAST16_TYPE__ short unsigned int
#define __FLT64X_HAS_INFINITY__ 1
#define unix 1
#define __INT16_MAX__ 0x7fff
#define __SIZE_TYPE__ long unsigned int
#define __UINT64_MAX__ 0xffffffffffffffffUL
#define __FLT64X_DIG__ 18
#define __INT8_TYPE__ signed char
#define __ELF__ 1
#define __GCC_ASM_FLAG_OUTPUTS__ 1
#define __FLT_RADIX__ 2
#define __INT_LEAST16_TYPE__ short int
#define __LDBL_EPSILON__ 1.08420217248550443400745280086994171e-19L
#define __UINTMAX_C(c) c ## UL
#define __SSE_MATH__ 1
#define __k8 1
#define __SIG_ATOMIC_MAX__ 0x7fffffff
#define __GCC_ATOMIC_WCHAR_T_LOCK_FREE 2
#define __SIZEOF_PTRDIFF_T__ 8
#define __FLT32X_MANT_DIG__ 53
#define __x86_64__ 1
#define __FLT32X_MIN_EXP__ (-1021)
#define __DEC32_SUBNORMAL_MIN__ 0.000001E-95DF
#define __INT_FAST16_MAX__ 0x7fffffffffffffffL
#define __FLT64_DIG__ 15
#define __UINT_FAST32_MAX__ 0xffffffffffffffffUL
#define __UINT_LEAST64_TYPE__ long unsigned int
#define __FLT_HAS_QUIET_NAN__ 1
#define __FLT_MAX_10_EXP__ 38
#define __LONG_MAX__ 0x7fffffffffffffffL
#define __FLT64X_HAS_DENORM__ 1
#define __DEC128_SUBNORMAL_MIN__ 0.000000000000000000000000000000001E-6143DL
#define __FLT_HAS_INFINITY__ 1
#define __UINT_FAST16_TYPE__ long unsigned int
#define __DEC64_MAX__ 9.999999999999999E384DD
#define __INT_FAST32_WIDTH__ 64
#define __CHAR16_TYPE__ short unsigned int
#define __PRAGMA_REDEFINE_EXTNAME 1
#define __SIZE_WIDTH__ 64
#define __SEG_FS 1
#define __INT_LEAST16_MAX__ 0x7fff
#define __DEC64_MANT_DIG__ 16
#define __INT64_MAX__ 0x7fffffffffffffffL
#define __UINT_LEAST32_MAX__ 0xffffffffU
#define __SEG_GS 1
#define __FLT32_DENORM_MIN__ 1.40129846432481707092372958328991613e-45F32
#define __GCC_ATOMIC_LONG_LOCK_FREE 2
#define __SIG_ATOMIC_WIDTH__ 32
#define __INT_LEAST64_TYPE__ long int
#define __INT16_TYPE__ short int
#define __INT_LEAST8_TYPE__ signed char
#define __STDC_VERSION__ 201710L
#define __DEC32_MAX_EXP__ 97
#define __INT_FAST8_MAX__ 0x7f
#define __FLT128_MAX__ 1.18973149535723176508575932662800702e+4932F128
#define __INTPTR_MAX__ 0x7fffffffffffffffL
#define linux 1
#define __FLT64_HAS_QUIET_NAN__ 1
#define __FLT32_MIN_10_EXP__ (-37)
#define __SSE2__ 1
#define __FLT32X_DIG__ 15
#define __LDBL_MANT_DIG__ 64
#define __DBL_HAS_QUIET_NAN__ 1
#define __FLT64_HAS_INFINITY__ 1
#define __FLT64X_MAX__ 1.18973149535723176502126385303097021e+4932F64x
#define __SIG_ATOMIC_MIN__ (-__SIG_ATOMIC_MAX__ - 1)
#define __code_model_small__ 1
#define __k8__ 1
#define __INTPTR_TYPE__ long int
#define __UINT16_TYPE__ short unsigned int
#define __WCHAR_TYPE__ int
#define __SIZEOF_FLOAT__ 4
#define __pic__ 2
#define __UINTPTR_MAX__ 0xffffffffffffffffUL
#define __AFL_COMPILER 1
#define __INT_FAST64_WIDTH__ 64
#define __DEC64_MIN_EXP__ (-382)
#define __FLT32_DECIMAL_DIG__ 9
#define __INT_FAST64_MAX__ 0x7fffffffffffffffL
#define __GCC_ATOMIC_TEST_AND_SET_TRUEVAL 1
#define __FLT_DIG__ 6
#define __FLT32_HAS_INFINITY__ 1
#define __FLT64X_MAX_EXP__ 16384
#define __UINT_FAST64_TYPE__ long unsigned int
#define __INT_MAX__ 0x7fffffff
#define __amd64__ 1
#define __INT64_TYPE__ long int
#define __FLT_MAX_EXP__ 128
#define __ORDER_BIG_ENDIAN__ 4321
#define __DBL_MANT_DIG__ 53
#define __SIZEOF_FLOAT128__ 16
#define __INT_LEAST64_MAX__ 0x7fffffffffffffffL
#define __GCC_ATOMIC_CHAR16_T_LOCK_FREE 2
#define __DEC64_MIN__ 1E-383DD
#define __WINT_TYPE__ unsigned int
#define __UINT_LEAST32_TYPE__ unsigned int
#define __SIZEOF_SHORT__ 2
#define __SSE__ 1
#define __LDBL_MIN_EXP__ (-16381)
#define __FLT64_MAX__ 1.79769313486231570814527423731704357e+308F64
#define __WINT_WIDTH__ 32
#define __INT_LEAST8_MAX__ 0x7f
#define __FLT32X_MAX_10_EXP__ 308
#define __SIZEOF_INT128__ 16
#define __LDBL_MAX_10_EXP__ 4932
#define __ATOMIC_RELAXED 0
#define __DBL_EPSILON__ ((double)2.22044604925031308084726333618164062e-16L)
#define __FLT128_MIN__ 3.36210314311209350626267781732175260e-4932F128
#define _LP64 1
#define __UINT8_C(c) c
#define __FLT64_MAX_EXP__ 1024
#define __INT_LEAST32_TYPE__ int
#define __SIZEOF_WCHAR_T__ 4
#define __UINT64_TYPE__ long unsigned int
#define __FLT128_HAS_QUIET_NAN__ 1
#define __INT_FAST8_TYPE__ signed char
#define __FLT64X_MIN__ 3.36210314311209350626267781732175260e-4932F64x
#define __GNUC_STDC_INLINE__ 1
#define __FLT64_HAS_DENORM__ 1
#define __FLT32_EPSILON__ 1.19209289550781250000000000000000000e-7F32
#define __DBL_DECIMAL_DIG__ 17
#define __STDC_UTF_32__ 1
#define __INT_FAST8_WIDTH__ 8
#define __FXSR__ 1
#define __DEC_EVAL_METHOD__ 2
#define __FLT32X_MAX__ 1.79769313486231570814527423731704357e+308F32x
#define __UINT32_C(c) c ## U
#define __INTMAX_MAX__ 0x7fffffffffffffffL
#define __BYTE_ORDER__ __ORDER_LITTLE_ENDIAN__
#define __FLT_DENORM_MIN__ 1.40129846432481707092372958328991613e-45F
#define __INT8_MAX__ 0x7f
#define __LONG_WIDTH__ 64
#define __PIC__ 2
#define __UINT_FAST32_TYPE__ long unsigned int
#define __CHAR32_TYPE__ unsigned int
#define __FLT_MAX__ 3.40282346638528859811704183484516925e+38F
#define __INT32_TYPE__ int
#define __SIZEOF_DOUBLE__ 8
#define __FLT_MIN_10_EXP__ (-37)
#define __FLT64_MIN__ 2.22507385850720138309023271733240406e-308F64
#define __INT_LEAST32_WIDTH__ 32
#define __INTMAX_TYPE__ long int
#define __DEC128_MAX_EXP__ 6145
#define __FLT32X_HAS_QUIET_NAN__ 1
#define __ATOMIC_CONSUME 1
#define __GNUC_MINOR__ 3
#define __INT_FAST16_WIDTH__ 64
#define __UINTMAX_MAX__ 0xffffffffffffffffUL
#define __DEC32_MANT_DIG__ 7
#define __FLT32X_DENORM_MIN__ 4.94065645841246544176568792868221372e-324F32x
#define __DBL_MAX_10_EXP__ 308
#define __LDBL_DENORM_MIN__ 3.64519953188247460252840593361941982e-4951L
#define __INT16_C(c) c
#define __STDC__ 1
#define __PTRDIFF_TYPE__ long int
#define __ATOMIC_SEQ_CST 5
#define __UINT32_TYPE__ unsigned int
#define __FLT32X_MIN_10_EXP__ (-307)
#define __UINTPTR_TYPE__ long unsigned int
#define __DEC64_SUBNORMAL_MIN__ 0.000000000000001E-383DD
#define __DEC128_MANT_DIG__ 34
#define __LDBL_MIN_10_EXP__ (-4931)
#define __FLT128_EPSILON__ 1.92592994438723585305597794258492732e-34F128
#define __SIZEOF_LONG_LONG__ 8
#define __FLT128_DECIMAL_DIG__ 36
#define __GCC_ATOMIC_LLONG_LOCK_FREE 2
#define __FLT32X_MIN__ 2.22507385850720138309023271733240406e-308F32x
#define __LDBL_DIG__ 18
#define __FLT_DECIMAL_DIG__ 9
#define __UINT_FAST16_MAX__ 0xffffffffffffffffUL
#define __GCC_ATOMIC_SHORT_LOCK_FREE 2
#define __INT_LEAST64_WIDTH__ 64
#define __UINT_FAST8_TYPE__ unsigned char
#define FUZZING_BUILD_MODE_UNSAFE_FOR_PRODUCTION 1
#define __ATOMIC_ACQ_REL 4
#define __ATOMIC_RELEASE 3

find program=['ar'] paths=['/src/julea/julea/dependencies/opt/spack/linux-ubuntu19.04-x86_64/gcc-8.3.0/hdf5-develop-4iami4kalqj7xgv2x2uv25dnzvz4xzwf/bin', '/src/julea/julea/dependencies/opt/spack/linux-ubuntu19.04-x86_64/gcc-8.3.0/libmongoc-1.9.5-a37k6hbsbanjkqibnmcc3letw7wshirg/bin', '/src/julea/julea/dependencies/opt/spack/linux-ubuntu19.04-x86_64/gcc-8.3.0/lmdb-0.9.22-3bizzlrzatz22sxltfacrptrervg4mfl/bin', '/src/julea/julea/dependencies/opt/spack/linux-ubuntu19.04-x86_64/gcc-8.3.0/glib-2.56.3-y4kalfnkzahoclmqcqcpwvxzw4nepwsi/bin', '/src/julea/julea/dependencies/opt/spack/linux-ubuntu19.04-x86_64/gcc-8.3.0/python-2.7.16-zpne4yrcqnmmgvxxlbtxhttrby4umy2c/bin', '/src/julea/julea/dependencies/opt/spack/linux-ubuntu19.04-x86_64/gcc-8.3.0/sqlite-3.26.0-bj4bz5sekpkuvg327y6zszili72sjuib/bin', '/src/julea/julea/dependencies/opt/spack/linux-ubuntu19.04-x86_64/gcc-8.3.0/openssl-1.1.1b-z4yx5sqn6eal3nusyqiyinhgwdhbpcnk/bin', '/src/julea/julea/dependencies/opt/spack/linux-ubuntu19.04-x86_64/gcc-8.3.0/expat-2.2.5-c3jkmcxfpi7dxosj4gfszgq66fqxcpdh/bin', '/src/julea/julea/dependencies/opt/spack/linux-ubuntu19.04-x86_64/gcc-8.3.0/perl-5.26.2-mskb5xldv7t5trtiafqcvfr5723xx2sx/bin', '/src/julea/julea/dependencies/opt/spack/linux-ubuntu19.04-x86_64/gcc-8.3.0/gdbm-1.18.1-o3ogwau3hf3woqahktztl4belwhno2lz/bin', '/src/julea/julea/dependencies/opt/spack/linux-ubuntu19.04-x86_64/gcc-8.3.0/readline-7.0-ehpo5duxthibdb4wwe3awhv2raeaf7xt/bin', '/src/julea/julea/dependencies/opt/spack/linux-ubuntu19.04-x86_64/gcc-8.3.0/pcre-8.42-yupgernpm6rywenufbupwypikx4b5xec/bin', '/src/julea/julea/dependencies/opt/spack/linux-ubuntu19.04-x86_64/gcc-8.3.0/gettext-0.19.8.1-xlmmd376ca5jlrvtqtr7qgofqhhaneyq/bin', '/src/julea/julea/dependencies/opt/spack/linux-ubuntu19.04-x86_64/gcc-8.3.0/tar-1.31-nfprhx3sjsblrfxitiftpl4gmmopaj3t/bin', '/src/julea/julea/dependencies/opt/spack/linux-ubuntu19.04-x86_64/gcc-8.3.0/ncurses-6.1-mlzmjd3eykltlvbv2vi7jgserwiudsy2/bin', '/src/julea/julea/dependencies/opt/spack/linux-ubuntu19.04-x86_64/gcc-8.3.0/libxml2-2.9.8-okyyrazmvwghoje27oejrfhoem7engly/bin', '/src/julea/julea/dependencies/opt/spack/linux-ubuntu19.04-x86_64/gcc-8.3.0/xz-5.2.4-wu55ii655dzyzh3g4bfdhy6bjo4hmepk/bin', '/src/julea/julea/dependencies/opt/spack/linux-ubuntu19.04-x86_64/gcc-8.3.0/libiconv-1.15-yr3qd5p47ps2kdm6hievq6fcz45myoan/bin', '/src/julea/julea/dependencies/opt/spack/linux-ubuntu19.04-x86_64/gcc-8.3.0/bzip2-1.0.6-kkt2kiubwwq2f6cn6uvbnvurg6q3lwii/bin', '/src/julea/julea/dependencies/opt/spack/linux-ubuntu19.04-x86_64/gcc-8.3.0/pkgconf-1.6.0-3hvode5en7wwbe3rekqrjgtic73jri26/bin', '/src/julea/julea/dependencies/opt/spack/linux-ubuntu19.04-x86_64/gcc-8.3.0/environment-modules-4.2.3-osxmlgyv7t4tjgh2dwn7lp532u6nzizy/bin', '/src/julea/julea/dependencies/bin', '/src/julea/julea/build/benchmark', '/src/julea/julea/build/server', '/src/julea/julea/build/test', '/src/julea/julea/build/tools', '/src/julea/julea/scripts', '/usr/local/sbin', '/usr/local/bin', '/usr/sbin', '/usr/bin', '/sbin', '/bin', '/usr/games', '/usr/local/games', '/snap/bin'] var='AR' -> ['/usr/bin/ar']
afl-gcc
----------------------------------------
Checking for compiler flags -std=c11
==>

int main(int argc, char **argv) {
	(void)argc; (void)argv;
	return 0;
}

<==
[1/2] Compiling [32mbuild2/.conf_check_12d0a5baf50d6236f724d4f2db5580ad/test.c[0m

['afl-gcc', '-std=c11', '../test.c', '-c', '-o/src/julea/julea/build2/.conf_check_12d0a5baf50d6236f724d4f2db5580ad/testbuild/test.c.1.o']
[2/2] Linking [33mbuild2/.conf_check_12d0a5baf50d6236f724d4f2db5580ad/testbuild/testprog[0m

['afl-gcc', 'test.c.1.o', '-o/src/julea/julea/build2/.conf_check_12d0a5baf50d6236f724d4f2db5580ad/testbuild/testprog', '-Wl,-Bstatic', '-Wl,-Bdynamic']
yes
-----------------------------------------------
Checking for compiler flags -fdiagnostics-color
==>

int main(int argc, char **argv) {
	(void)argc; (void)argv;
	return 0;
}

<==
[1/2] Compiling [32mbuild2/.conf_check_f4208301752a72019a22c99f23097b49/test.c[0m

['afl-gcc', '-std=c11', '-fdiagnostics-color', '../test.c', '-c', '-o/src/julea/julea/build2/.conf_check_f4208301752a72019a22c99f23097b49/testbuild/test.c.1.o']
[2/2] Linking [33mbuild2/.conf_check_f4208301752a72019a22c99f23097b49/testbuild/testprog[0m

['afl-gcc', 'test.c.1.o', '-o/src/julea/julea/build2/.conf_check_f4208301752a72019a22c99f23097b49/testbuild/testprog', '-Wl,-Bstatic', '-Wl,-Bdynamic']
yes
-----------------------------------------------
Checking for compiler flags -Wpedantic
==>

int main(int argc, char **argv) {
	(void)argc; (void)argv;
	return 0;
}

<==
[1/2] Compiling [32mbuild2/.conf_check_2faf341b0f9220632e7d4b53e7cc9adf/test.c[0m

['afl-gcc', '-std=c11', '-fdiagnostics-color', '-Wpedantic', '../test.c', '-c', '-o/src/julea/julea/build2/.conf_check_2faf341b0f9220632e7d4b53e7cc9adf/testbuild/test.c.1.o']
[2/2] Linking [33mbuild2/.conf_check_2faf341b0f9220632e7d4b53e7cc9adf/testbuild/testprog[0m

['afl-gcc', 'test.c.1.o', '-o/src/julea/julea/build2/.conf_check_2faf341b0f9220632e7d4b53e7cc9adf/testbuild/testprog', '-Wl,-Bstatic', '-Wl,-Bdynamic']
yes
-----------------------------------------------
Checking for compiler flags -Wall
==>

int main(int argc, char **argv) {
	(void)argc; (void)argv;
	return 0;
}

<==
[1/2] Compiling [32mbuild2/.conf_check_6c58fe0f8f7a091cafadb31f576cda93/test.c[0m

['afl-gcc', '-std=c11', '-fdiagnostics-color', '-Wpedantic', '-Wall', '../test.c', '-c', '-o/src/julea/julea/build2/.conf_check_6c58fe0f8f7a091cafadb31f576cda93/testbuild/test.c.1.o']
[2/2] Linking [33mbuild2/.conf_check_6c58fe0f8f7a091cafadb31f576cda93/testbuild/testprog[0m

['afl-gcc', 'test.c.1.o', '-o/src/julea/julea/build2/.conf_check_6c58fe0f8f7a091cafadb31f576cda93/testbuild/testprog', '-Wl,-Bstatic', '-Wl,-Bdynamic']
yes
-----------------------------------------------
Checking for compiler flags -Wextra
==>

int main(int argc, char **argv) {
	(void)argc; (void)argv;
	return 0;
}

<==
[1/2] Compiling [32mbuild2/.conf_check_8447d009fa24bbc0763a94fcc6174f78/test.c[0m

['afl-gcc', '-std=c11', '-fdiagnostics-color', '-Wpedantic', '-Wall', '-Wextra', '../test.c', '-c', '-o/src/julea/julea/build2/.conf_check_8447d009fa24bbc0763a94fcc6174f78/testbuild/test.c.1.o']
[2/2] Linking [33mbuild2/.conf_check_8447d009fa24bbc0763a94fcc6174f78/testbuild/testprog[0m

['afl-gcc', 'test.c.1.o', '-o/src/julea/julea/build2/.conf_check_8447d009fa24bbc0763a94fcc6174f78/testbuild/testprog', '-Wl,-Bstatic', '-Wl,-Bdynamic']
yes
-----------------------------------------------
Checking for large file support
==>
#include <unistd.h>
int main(int argc, char **argv) {
	(void)argc; (void)argv;
	return !(sizeof(off_t) >= 8);
}

<==
[1/3] Compiling [32mbuild2/.conf_check_72b7e4d1ae5fa491f4614025f65b430d/test.c[0m

['afl-gcc', '-std=c11', '-fdiagnostics-color', '-Wpedantic', '-Wall', '-Wextra', '-D_POSIX_C_SOURCE=200809L', '../test.c', '-c', '-o/src/julea/julea/build2/.conf_check_72b7e4d1ae5fa491f4614025f65b430d/testbuild/test.c.1.o']
[2/3] Linking [33mbuild2/.conf_check_72b7e4d1ae5fa491f4614025f65b430d/testbuild/testprog[0m

['afl-gcc', 'test.c.1.o', '-o/src/julea/julea/build2/.conf_check_72b7e4d1ae5fa491f4614025f65b430d/testbuild/testprog', '-Wl,-Bstatic', '-Wl,-Bdynamic']
[3/3] Processing [35mbuild2/.conf_check_72b7e4d1ae5fa491f4614025f65b430d/testbuild/testprog[0m

['/src/julea/julea/build2/.conf_check_72b7e4d1ae5fa491f4614025f65b430d/testbuild/testprog']
yes
-----------------------------------------------
Checking for library m
==>

int main(int argc, char **argv) {
	(void)argc; (void)argv;
	return 0;
}

<==
[1/2] Compiling [32mbuild2/.conf_check_da5c6f0fb0b5bfdbd0185c0aa82b811f/test.c[0m

['afl-gcc', '-std=c11', '-fdiagnostics-color', '-Wpedantic', '-Wall', '-Wextra', '-D_POSIX_C_SOURCE=200809L', '-DHAVE_LARGEFILE=1', '../test.c', '-c', '-o/src/julea/julea/build2/.conf_check_da5c6f0fb0b5bfdbd0185c0aa82b811f/testbuild/test.c.1.o']
[2/2] Linking [33mbuild2/.conf_check_da5c6f0fb0b5bfdbd0185c0aa82b811f/testbuild/testprog[0m

['afl-gcc', 'test.c.1.o', '-o/src/julea/julea/build2/.conf_check_da5c6f0fb0b5bfdbd0185c0aa82b811f/testbuild/testprog', '-Wl,-Bstatic', '-Wl,-Bdynamic', '-lm']
yes
-----------------------------------------------
Checking for program 'pkg-config'
/src/julea/julea/dependencies/opt/spack/linux-ubuntu19.04-x86_64/gcc-8.3.0/pkgconf-1.6.0-3hvode5en7wwbe3rekqrjgtic73jri26/bin/pkg-config
find program=['pkg-config'] paths=['/src/julea/julea/dependencies/opt/spack/linux-ubuntu19.04-x86_64/gcc-8.3.0/hdf5-develop-4iami4kalqj7xgv2x2uv25dnzvz4xzwf/bin', '/src/julea/julea/dependencies/opt/spack/linux-ubuntu19.04-x86_64/gcc-8.3.0/libmongoc-1.9.5-a37k6hbsbanjkqibnmcc3letw7wshirg/bin', '/src/julea/julea/dependencies/opt/spack/linux-ubuntu19.04-x86_64/gcc-8.3.0/lmdb-0.9.22-3bizzlrzatz22sxltfacrptrervg4mfl/bin', '/src/julea/julea/dependencies/opt/spack/linux-ubuntu19.04-x86_64/gcc-8.3.0/glib-2.56.3-y4kalfnkzahoclmqcqcpwvxzw4nepwsi/bin', '/src/julea/julea/dependencies/opt/spack/linux-ubuntu19.04-x86_64/gcc-8.3.0/python-2.7.16-zpne4yrcqnmmgvxxlbtxhttrby4umy2c/bin', '/src/julea/julea/dependencies/opt/spack/linux-ubuntu19.04-x86_64/gcc-8.3.0/sqlite-3.26.0-bj4bz5sekpkuvg327y6zszili72sjuib/bin', '/src/julea/julea/dependencies/opt/spack/linux-ubuntu19.04-x86_64/gcc-8.3.0/openssl-1.1.1b-z4yx5sqn6eal3nusyqiyinhgwdhbpcnk/bin', '/src/julea/julea/dependencies/opt/spack/linux-ubuntu19.04-x86_64/gcc-8.3.0/expat-2.2.5-c3jkmcxfpi7dxosj4gfszgq66fqxcpdh/bin', '/src/julea/julea/dependencies/opt/spack/linux-ubuntu19.04-x86_64/gcc-8.3.0/perl-5.26.2-mskb5xldv7t5trtiafqcvfr5723xx2sx/bin', '/src/julea/julea/dependencies/opt/spack/linux-ubuntu19.04-x86_64/gcc-8.3.0/gdbm-1.18.1-o3ogwau3hf3woqahktztl4belwhno2lz/bin', '/src/julea/julea/dependencies/opt/spack/linux-ubuntu19.04-x86_64/gcc-8.3.0/readline-7.0-ehpo5duxthibdb4wwe3awhv2raeaf7xt/bin', '/src/julea/julea/dependencies/opt/spack/linux-ubuntu19.04-x86_64/gcc-8.3.0/pcre-8.42-yupgernpm6rywenufbupwypikx4b5xec/bin', '/src/julea/julea/dependencies/opt/spack/linux-ubuntu19.04-x86_64/gcc-8.3.0/gettext-0.19.8.1-xlmmd376ca5jlrvtqtr7qgofqhhaneyq/bin', '/src/julea/julea/dependencies/opt/spack/linux-ubuntu19.04-x86_64/gcc-8.3.0/tar-1.31-nfprhx3sjsblrfxitiftpl4gmmopaj3t/bin', '/src/julea/julea/dependencies/opt/spack/linux-ubuntu19.04-x86_64/gcc-8.3.0/ncurses-6.1-mlzmjd3eykltlvbv2vi7jgserwiudsy2/bin', '/src/julea/julea/dependencies/opt/spack/linux-ubuntu19.04-x86_64/gcc-8.3.0/libxml2-2.9.8-okyyrazmvwghoje27oejrfhoem7engly/bin', '/src/julea/julea/dependencies/opt/spack/linux-ubuntu19.04-x86_64/gcc-8.3.0/xz-5.2.4-wu55ii655dzyzh3g4bfdhy6bjo4hmepk/bin', '/src/julea/julea/dependencies/opt/spack/linux-ubuntu19.04-x86_64/gcc-8.3.0/libiconv-1.15-yr3qd5p47ps2kdm6hievq6fcz45myoan/bin', '/src/julea/julea/dependencies/opt/spack/linux-ubuntu19.04-x86_64/gcc-8.3.0/bzip2-1.0.6-kkt2kiubwwq2f6cn6uvbnvurg6q3lwii/bin', '/src/julea/julea/dependencies/opt/spack/linux-ubuntu19.04-x86_64/gcc-8.3.0/pkgconf-1.6.0-3hvode5en7wwbe3rekqrjgtic73jri26/bin', '/src/julea/julea/dependencies/opt/spack/linux-ubuntu19.04-x86_64/gcc-8.3.0/environment-modules-4.2.3-osxmlgyv7t4tjgh2dwn7lp532u6nzizy/bin', '/src/julea/julea/dependencies/bin', '/src/julea/julea/build/benchmark', '/src/julea/julea/build/server', '/src/julea/julea/build/test', '/src/julea/julea/build/tools', '/src/julea/julea/scripts', '/usr/local/sbin', '/usr/local/bin', '/usr/sbin', '/usr/bin', '/sbin', '/bin', '/usr/games', '/usr/local/games', '/snap/bin'] var='PKGCONFIG' -> ['/src/julea/julea/dependencies/opt/spack/linux-ubuntu19.04-x86_64/gcc-8.3.0/pkgconf-1.6.0-3hvode5en7wwbe3rekqrjgtic73jri26/bin/pkg-config']
-----------------------------------------------
Checking for 'gio-2.0'
['/src/julea/julea/dependencies/opt/spack/linux-ubuntu19.04-x86_64/gcc-8.3.0/pkgconf-1.6.0-3hvode5en7wwbe3rekqrjgtic73jri26/bin/pkg-config', '--cflags', '--libs', 'gio-2.0 >= 2.42', 'gio-2.0']
out: -I/src/julea/julea/dependencies/opt/spack/linux-ubuntu19.04-x86_64/gcc-8.3.0/glib-2.56.3-y4kalfnkzahoclmqcqcpwvxzw4nepwsi/include/glib-2.0 -I/src/julea/julea/dependencies/opt/spack/linux-ubuntu19.04-x86_64/gcc-8.3.0/glib-2.56.3-y4kalfnkzahoclmqcqcpwvxzw4nepwsi/lib/glib-2.0/include -pthread -lgio-2.0 -lgobject-2.0 -lglib-2.0 -lintl 

yes
-----------------------------------------------
Checking for 'glib-2.0'
['/src/julea/julea/dependencies/opt/spack/linux-ubuntu19.04-x86_64/gcc-8.3.0/pkgconf-1.6.0-3hvode5en7wwbe3rekqrjgtic73jri26/bin/pkg-config', '--cflags', '--libs', 'glib-2.0 >= 2.42', 'glib-2.0']
out: -I/src/julea/julea/dependencies/opt/spack/linux-ubuntu19.04-x86_64/gcc-8.3.0/glib-2.56.3-y4kalfnkzahoclmqcqcpwvxzw4nepwsi/include/glib-2.0 -I/src/julea/julea/dependencies/opt/spack/linux-ubuntu19.04-x86_64/gcc-8.3.0/glib-2.56.3-y4kalfnkzahoclmqcqcpwvxzw4nepwsi/lib/glib-2.0/include -lglib-2.0 -lintl 

yes
-----------------------------------------------
Checking for 'gmodule-2.0'
['/src/julea/julea/dependencies/opt/spack/linux-ubuntu19.04-x86_64/gcc-8.3.0/pkgconf-1.6.0-3hvode5en7wwbe3rekqrjgtic73jri26/bin/pkg-config', '--cflags', '--libs', 'gmodule-2.0 >= 2.42', 'gmodule-2.0']
out: -I/src/julea/julea/dependencies/opt/spack/linux-ubuntu19.04-x86_64/gcc-8.3.0/glib-2.56.3-y4kalfnkzahoclmqcqcpwvxzw4nepwsi/include/glib-2.0 -I/src/julea/julea/dependencies/opt/spack/linux-ubuntu19.04-x86_64/gcc-8.3.0/glib-2.56.3-y4kalfnkzahoclmqcqcpwvxzw4nepwsi/lib/glib-2.0/include -pthread -Wl,--export-dynamic -lgmodule-2.0 -pthread -lglib-2.0 -lintl 

yes
-----------------------------------------------
Checking for 'gobject-2.0'
['/src/julea/julea/dependencies/opt/spack/linux-ubuntu19.04-x86_64/gcc-8.3.0/pkgconf-1.6.0-3hvode5en7wwbe3rekqrjgtic73jri26/bin/pkg-config', '--cflags', '--libs', 'gobject-2.0 >= 2.42', 'gobject-2.0']
out: -I/src/julea/julea/dependencies/opt/spack/linux-ubuntu19.04-x86_64/gcc-8.3.0/glib-2.56.3-y4kalfnkzahoclmqcqcpwvxzw4nepwsi/include/glib-2.0 -I/src/julea/julea/dependencies/opt/spack/linux-ubuntu19.04-x86_64/gcc-8.3.0/glib-2.56.3-y4kalfnkzahoclmqcqcpwvxzw4nepwsi/lib/glib-2.0/include -lgobject-2.0 -lglib-2.0 -lintl 

yes
-----------------------------------------------
Checking for 'gthread-2.0'
['/src/julea/julea/dependencies/opt/spack/linux-ubuntu19.04-x86_64/gcc-8.3.0/pkgconf-1.6.0-3hvode5en7wwbe3rekqrjgtic73jri26/bin/pkg-config', '--cflags', '--libs', 'gthread-2.0 >= 2.42', 'gthread-2.0']
out: -I/src/julea/julea/dependencies/opt/spack/linux-ubuntu19.04-x86_64/gcc-8.3.0/glib-2.56.3-y4kalfnkzahoclmqcqcpwvxzw4nepwsi/include/glib-2.0 -I/src/julea/julea/dependencies/opt/spack/linux-ubuntu19.04-x86_64/gcc-8.3.0/glib-2.56.3-y4kalfnkzahoclmqcqcpwvxzw4nepwsi/lib/glib-2.0/include -pthread -lgthread-2.0 -pthread -lglib-2.0 -lintl 

yes
-----------------------------------------------
Checking for 'libbson-1.0'
['/src/julea/julea/dependencies/opt/spack/linux-ubuntu19.04-x86_64/gcc-8.3.0/pkgconf-1.6.0-3hvode5en7wwbe3rekqrjgtic73jri26/bin/pkg-config', '--cflags', '--libs', 'libbson-1.0 >= 1.9.0', 'libbson-1.0']
out: -I/src/julea/julea/dependencies/opt/spack/linux-ubuntu19.04-x86_64/gcc-8.3.0/libmongoc-1.9.5-a37k6hbsbanjkqibnmcc3letw7wshirg/include/libbson-1.0 -lbson-1.0 

yes
-----------------------------------------------
Checking for 'libmongoc-1.0'
['/src/julea/julea/dependencies/opt/spack/linux-ubuntu19.04-x86_64/gcc-8.3.0/pkgconf-1.6.0-3hvode5en7wwbe3rekqrjgtic73jri26/bin/pkg-config', '--cflags', '--libs', 'libmongoc-1.0 >= 1.9.0', 'libmongoc-1.0']
out: -I/src/julea/julea/dependencies/opt/spack/linux-ubuntu19.04-x86_64/gcc-8.3.0/libmongoc-1.9.5-a37k6hbsbanjkqibnmcc3letw7wshirg/include/libmongoc-1.0 -I/src/julea/julea/dependencies/opt/spack/linux-ubuntu19.04-x86_64/gcc-8.3.0/libmongoc-1.9.5-a37k6hbsbanjkqibnmcc3letw7wshirg/include/libbson-1.0 -lmongoc-1.0 -lssl -lcrypto -lrt -lresolv -lz -lsnappy -lbson-1.0 

yes
-----------------------------------------------
Checking for library rados
==>

int main(int argc, char **argv) {
	(void)argc; (void)argv;
	return 0;
}

<==
[1/2] Compiling [32mbuild2/.conf_check_ea357ea804d686fcd0a80e1bef29ad2f/test.c[0m

['afl-gcc', '-std=c11', '-fdiagnostics-color', '-Wpedantic', '-Wall', '-Wextra', '-D_POSIX_C_SOURCE=200809L', '-DHAVE_LARGEFILE=1', '-DHAVE_GIO=1', '-DHAVE_GLIB=1', '-DHAVE_GMODULE=1', '-DHAVE_GOBJECT=1', '-DHAVE_GTHREAD=1', '-DHAVE_LIBBSON=1', '-DHAVE_LIBMONGOC=1', '../test.c', '-c', '-o/src/julea/julea/build2/.conf_check_ea357ea804d686fcd0a80e1bef29ad2f/testbuild/test.c.1.o']
[2/2] Linking [33mbuild2/.conf_check_ea357ea804d686fcd0a80e1bef29ad2f/testbuild/testprog[0m

['afl-gcc', 'test.c.1.o', '-o/src/julea/julea/build2/.conf_check_ea357ea804d686fcd0a80e1bef29ad2f/testbuild/testprog', '-Wl,-Bstatic', '-Wl,-Bdynamic', '-lrados']
err: /usr/bin/ld: cannot find -lrados
collect2: error: ld returned 1 exit status

from /src/julea/julea: Test does not build: Traceback (most recent call last):
  File "/src/julea/julea/.waf-2.0.15-ff6573b86ad5ff5d449c8852ad58b8bc/waflib/Configure.py", line 325, in run_build
    bld.compile()
  File "/src/julea/julea/.waf-2.0.15-ff6573b86ad5ff5d449c8852ad58b8bc/waflib/Build.py", line 176, in compile
    raise Errors.BuildError(self.producer.error)
BuildError: Build failed
 -> task in 'testprog' failed with exit status 1 (run with -v to display more information)

not found
from /src/julea/julea: The configuration failed
-----------------------------------------------
Checking for 'fuse'
['/src/julea/julea/dependencies/opt/spack/linux-ubuntu19.04-x86_64/gcc-8.3.0/pkgconf-1.6.0-3hvode5en7wwbe3rekqrjgtic73jri26/bin/pkg-config', '--cflags', '--libs', 'fuse']
err: Package fuse was not found in the pkg-config search path.
Perhaps you should add the directory containing `fuse.pc'
to the PKG_CONFIG_PATH environment variable
Package 'fuse', required by 'virtual:world', not found

not found
from /src/julea/julea: The configuration failed
-----------------------------------------------
Checking for 'leveldb'
['/src/julea/julea/dependencies/opt/spack/linux-ubuntu19.04-x86_64/gcc-8.3.0/pkgconf-1.6.0-3hvode5en7wwbe3rekqrjgtic73jri26/bin/pkg-config', '--cflags', '--libs', 'leveldb >= 1.20', 'leveldb']
out: -lleveldb 

yes
-----------------------------------------------
Checking for 'lmdb'
['/src/julea/julea/dependencies/opt/spack/linux-ubuntu19.04-x86_64/gcc-8.3.0/pkgconf-1.6.0-3hvode5en7wwbe3rekqrjgtic73jri26/bin/pkg-config', '--cflags', '--libs', 'lmdb >= 0.9.21', 'lmdb']
out: -llmdb 

yes
-----------------------------------------------
Checking for 'sqlite3'
['/src/julea/julea/dependencies/opt/spack/linux-ubuntu19.04-x86_64/gcc-8.3.0/pkgconf-1.6.0-3hvode5en7wwbe3rekqrjgtic73jri26/bin/pkg-config', '--cflags', '--libs', 'sqlite3 >= 3.23.0', 'sqlite3']
out: -lsqlite3 

yes
-----------------------------------------------
Checking for stat.st_mtim.tv_nsec
==>

		#define _POSIX_C_SOURCE 200809L

		#include <sys/types.h>
		#include <sys/stat.h>
		#include <unistd.h>

		int main (void)
		{
			struct stat stbuf;

			(void)stbuf.st_mtim.tv_nsec;

			return 0;
		}
		
<==
[1/2] Compiling [32mbuild2/.conf_check_596a6e14dca1b09d4c26b6d0dd890176/test.c[0m

['afl-gcc', '-std=c11', '-fdiagnostics-color', '-Wpedantic', '-Wall', '-Wextra', '-D_POSIX_C_SOURCE=200809L', '-DHAVE_LARGEFILE=1', '-DHAVE_GIO=1', '-DHAVE_GLIB=1', '-DHAVE_GMODULE=1', '-DHAVE_GOBJECT=1', '-DHAVE_GTHREAD=1', '-DHAVE_LIBBSON=1', '-DHAVE_LIBMONGOC=1', '-DHAVE_LEVELDB=1', '-DHAVE_LMDB=1', '-DHAVE_SQLITE=1', '../test.c', '-c', '-o/src/julea/julea/build2/.conf_check_596a6e14dca1b09d4c26b6d0dd890176/testbuild/test.c.1.o']
[2/2] Linking [33mbuild2/.conf_check_596a6e14dca1b09d4c26b6d0dd890176/testbuild/testprog[0m

['afl-gcc', 'test.c.1.o', '-o/src/julea/julea/build2/.conf_check_596a6e14dca1b09d4c26b6d0dd890176/testbuild/testprog', '-Wl,-Bstatic', '-Wl,-Bdynamic']
yes
-----------------------------------------------
Checking for __sync_fetch_and_add
==>

		#define _POSIX_C_SOURCE 200809L

		#include <stdint.h>

		int main (void)
		{
			uint64_t dummy = 0;

			__sync_fetch_and_add(&dummy, 1);

			return 0;
		}
		
<==
[1/2] Compiling [32mbuild2/.conf_check_1d04ff489134c51a05e94ead9fa429de/test.c[0m

['afl-gcc', '-std=c11', '-fdiagnostics-color', '-Wpedantic', '-Wall', '-Wextra', '-D_POSIX_C_SOURCE=200809L', '-DHAVE_LARGEFILE=1', '-DHAVE_GIO=1', '-DHAVE_GLIB=1', '-DHAVE_GMODULE=1', '-DHAVE_GOBJECT=1', '-DHAVE_GTHREAD=1', '-DHAVE_LIBBSON=1', '-DHAVE_LIBMONGOC=1', '-DHAVE_LEVELDB=1', '-DHAVE_LMDB=1', '-DHAVE_SQLITE=1', '-DHAVE_STMTIM_TVNSEC=1', '../test.c', '-c', '-o/src/julea/julea/build2/.conf_check_1d04ff489134c51a05e94ead9fa429de/testbuild/test.c.1.o']
[2/2] Linking [33mbuild2/.conf_check_1d04ff489134c51a05e94ead9fa429de/testbuild/testprog[0m

['afl-gcc', 'test.c.1.o', '-o/src/julea/julea/build2/.conf_check_1d04ff489134c51a05e94ead9fa429de/testbuild/testprog', '-Wl,-Bstatic', '-Wl,-Bdynamic']
yes
-----------------------------------------------------------------
Checking for compiler flags ['-fprofile-arcs', '-ftest-coverage']
==>

int main(int argc, char **argv) {
	(void)argc; (void)argv;
	return 0;
}

<==
[1/2] Compiling [32mbuild2/.conf_check_921ce9c6ee7f5400ef2a30d837241b0a/test.c[0m

['afl-gcc', '-std=c11', '-fdiagnostics-color', '-Wpedantic', '-Wall', '-Wextra', '-fprofile-arcs', '-ftest-coverage', '-D_POSIX_C_SOURCE=200809L', '-DHAVE_LARGEFILE=1', '-DHAVE_GIO=1', '-DHAVE_GLIB=1', '-DHAVE_GMODULE=1', '-DHAVE_GOBJECT=1', '-DHAVE_GTHREAD=1', '-DHAVE_LIBBSON=1', '-DHAVE_LIBMONGOC=1', '-DHAVE_LEVELDB=1', '-DHAVE_LMDB=1', '-DHAVE_SQLITE=1', '-DHAVE_STMTIM_TVNSEC=1', '-DHAVE_SYNC_FETCH_AND_ADD=1', '../test.c', '-c', '-o/src/julea/julea/build2/.conf_check_921ce9c6ee7f5400ef2a30d837241b0a/testbuild/test.c.1.o']
[2/2] Linking [33mbuild2/.conf_check_921ce9c6ee7f5400ef2a30d837241b0a/testbuild/testprog[0m

['afl-gcc', 'test.c.1.o', '-o/src/julea/julea/build2/.conf_check_921ce9c6ee7f5400ef2a30d837241b0a/testbuild/testprog', '-Wl,-Bstatic', '-Wl,-Bdynamic', '-lgcov', '--coverage']
yes
-----------------------------------------------------------------
Checking for compiler flags -Waggregate-return
==>

int main(int argc, char **argv) {
	(void)argc; (void)argv;
	return 0;
}

<==
[1/2] Compiling [32mbuild2/.conf_check_c73a26bf06beb7c6f9f7d7dfb2ae43b6/test.c[0m

['afl-gcc', '-std=c11', '-fdiagnostics-color', '-Wpedantic', '-Wall', '-Wextra', '-Waggregate-return', '-D_POSIX_C_SOURCE=200809L', '-DHAVE_LARGEFILE=1', '-DHAVE_GIO=1', '-DHAVE_GLIB=1', '-DHAVE_GMODULE=1', '-DHAVE_GOBJECT=1', '-DHAVE_GTHREAD=1', '-DHAVE_LIBBSON=1', '-DHAVE_LIBMONGOC=1', '-DHAVE_LEVELDB=1', '-DHAVE_LMDB=1', '-DHAVE_SQLITE=1', '-DHAVE_STMTIM_TVNSEC=1', '-DHAVE_SYNC_FETCH_AND_ADD=1', '../test.c', '-c', '-o/src/julea/julea/build2/.conf_check_c73a26bf06beb7c6f9f7d7dfb2ae43b6/testbuild/test.c.1.o']
[2/2] Linking [33mbuild2/.conf_check_c73a26bf06beb7c6f9f7d7dfb2ae43b6/testbuild/testprog[0m

['afl-gcc', 'test.c.1.o', '-o/src/julea/julea/build2/.conf_check_c73a26bf06beb7c6f9f7d7dfb2ae43b6/testbuild/testprog', '-Wl,-Bstatic', '-Wl,-Bdynamic']
yes
-----------------------------------------------------------------
Checking for compiler flags -Wcast-align
==>

int main(int argc, char **argv) {
	(void)argc; (void)argv;
	return 0;
}

<==
[1/2] Compiling [32mbuild2/.conf_check_e477635d2e79b4806b6764f2daa25737/test.c[0m

['afl-gcc', '-std=c11', '-fdiagnostics-color', '-Wpedantic', '-Wall', '-Wextra', '-Waggregate-return', '-Wcast-align', '-D_POSIX_C_SOURCE=200809L', '-DHAVE_LARGEFILE=1', '-DHAVE_GIO=1', '-DHAVE_GLIB=1', '-DHAVE_GMODULE=1', '-DHAVE_GOBJECT=1', '-DHAVE_GTHREAD=1', '-DHAVE_LIBBSON=1', '-DHAVE_LIBMONGOC=1', '-DHAVE_LEVELDB=1', '-DHAVE_LMDB=1', '-DHAVE_SQLITE=1', '-DHAVE_STMTIM_TVNSEC=1', '-DHAVE_SYNC_FETCH_AND_ADD=1', '../test.c', '-c', '-o/src/julea/julea/build2/.conf_check_e477635d2e79b4806b6764f2daa25737/testbuild/test.c.1.o']
[2/2] Linking [33mbuild2/.conf_check_e477635d2e79b4806b6764f2daa25737/testbuild/testprog[0m

['afl-gcc', 'test.c.1.o', '-o/src/julea/julea/build2/.conf_check_e477635d2e79b4806b6764f2daa25737/testbuild/testprog', '-Wl,-Bstatic', '-Wl,-Bdynamic']
yes
-----------------------------------------------------------------
Checking for compiler flags -Wcast-qual
==>

int main(int argc, char **argv) {
	(void)argc; (void)argv;
	return 0;
}

<==
[1/2] Compiling [32mbuild2/.conf_check_d083db8622112d98e538d45df41cef30/test.c[0m

['afl-gcc', '-std=c11', '-fdiagnostics-color', '-Wpedantic', '-Wall', '-Wextra', '-Waggregate-return', '-Wcast-align', '-Wcast-qual', '-D_POSIX_C_SOURCE=200809L', '-DHAVE_LARGEFILE=1', '-DHAVE_GIO=1', '-DHAVE_GLIB=1', '-DHAVE_GMODULE=1', '-DHAVE_GOBJECT=1', '-DHAVE_GTHREAD=1', '-DHAVE_LIBBSON=1', '-DHAVE_LIBMONGOC=1', '-DHAVE_LEVELDB=1', '-DHAVE_LMDB=1', '-DHAVE_SQLITE=1', '-DHAVE_STMTIM_TVNSEC=1', '-DHAVE_SYNC_FETCH_AND_ADD=1', '../test.c', '-c', '-o/src/julea/julea/build2/.conf_check_d083db8622112d98e538d45df41cef30/testbuild/test.c.1.o']
[2/2] Linking [33mbuild2/.conf_check_d083db8622112d98e538d45df41cef30/testbuild/testprog[0m

['afl-gcc', 'test.c.1.o', '-o/src/julea/julea/build2/.conf_check_d083db8622112d98e538d45df41cef30/testbuild/testprog', '-Wl,-Bstatic', '-Wl,-Bdynamic']
yes
-----------------------------------------------------------------
Checking for compiler flags -Wdeclaration-after-statement
==>

int main(int argc, char **argv) {
	(void)argc; (void)argv;
	return 0;
}

<==
[1/2] Compiling [32mbuild2/.conf_check_64c7cd0c7aed8092916d3658b15781dc/test.c[0m

['afl-gcc', '-std=c11', '-fdiagnostics-color', '-Wpedantic', '-Wall', '-Wextra', '-Waggregate-return', '-Wcast-align', '-Wcast-qual', '-Wdeclaration-after-statement', '-D_POSIX_C_SOURCE=200809L', '-DHAVE_LARGEFILE=1', '-DHAVE_GIO=1', '-DHAVE_GLIB=1', '-DHAVE_GMODULE=1', '-DHAVE_GOBJECT=1', '-DHAVE_GTHREAD=1', '-DHAVE_LIBBSON=1', '-DHAVE_LIBMONGOC=1', '-DHAVE_LEVELDB=1', '-DHAVE_LMDB=1', '-DHAVE_SQLITE=1', '-DHAVE_STMTIM_TVNSEC=1', '-DHAVE_SYNC_FETCH_AND_ADD=1', '../test.c', '-c', '-o/src/julea/julea/build2/.conf_check_64c7cd0c7aed8092916d3658b15781dc/testbuild/test.c.1.o']
[2/2] Linking [33mbuild2/.conf_check_64c7cd0c7aed8092916d3658b15781dc/testbuild/testprog[0m

['afl-gcc', 'test.c.1.o', '-o/src/julea/julea/build2/.conf_check_64c7cd0c7aed8092916d3658b15781dc/testbuild/testprog', '-Wl,-Bstatic', '-Wl,-Bdynamic']
yes
-----------------------------------------------------------------
Checking for compiler flags -Wdouble-promotion
==>

int main(int argc, char **argv) {
	(void)argc; (void)argv;
	return 0;
}

<==
[1/2] Compiling [32mbuild2/.conf_check_6d51059492d8009a4627a577e985ddf0/test.c[0m

['afl-gcc', '-std=c11', '-fdiagnostics-color', '-Wpedantic', '-Wall', '-Wextra', '-Waggregate-return', '-Wcast-align', '-Wcast-qual', '-Wdeclaration-after-statement', '-Wdouble-promotion', '-D_POSIX_C_SOURCE=200809L', '-DHAVE_LARGEFILE=1', '-DHAVE_GIO=1', '-DHAVE_GLIB=1', '-DHAVE_GMODULE=1', '-DHAVE_GOBJECT=1', '-DHAVE_GTHREAD=1', '-DHAVE_LIBBSON=1', '-DHAVE_LIBMONGOC=1', '-DHAVE_LEVELDB=1', '-DHAVE_LMDB=1', '-DHAVE_SQLITE=1', '-DHAVE_STMTIM_TVNSEC=1', '-DHAVE_SYNC_FETCH_AND_ADD=1', '../test.c', '-c', '-o/src/julea/julea/build2/.conf_check_6d51059492d8009a4627a577e985ddf0/testbuild/test.c.1.o']
[2/2] Linking [33mbuild2/.conf_check_6d51059492d8009a4627a577e985ddf0/testbuild/testprog[0m

['afl-gcc', 'test.c.1.o', '-o/src/julea/julea/build2/.conf_check_6d51059492d8009a4627a577e985ddf0/testbuild/testprog', '-Wl,-Bstatic', '-Wl,-Bdynamic']
yes
-----------------------------------------------------------------
Checking for compiler flags -Wduplicated-cond
==>

int main(int argc, char **argv) {
	(void)argc; (void)argv;
	return 0;
}

<==
[1/2] Compiling [32mbuild2/.conf_check_6cd8747c32dbf9380e08bdb4021f3c68/test.c[0m

['afl-gcc', '-std=c11', '-fdiagnostics-color', '-Wpedantic', '-Wall', '-Wextra', '-Waggregate-return', '-Wcast-align', '-Wcast-qual', '-Wdeclaration-after-statement', '-Wdouble-promotion', '-Wduplicated-cond', '-D_POSIX_C_SOURCE=200809L', '-DHAVE_LARGEFILE=1', '-DHAVE_GIO=1', '-DHAVE_GLIB=1', '-DHAVE_GMODULE=1', '-DHAVE_GOBJECT=1', '-DHAVE_GTHREAD=1', '-DHAVE_LIBBSON=1', '-DHAVE_LIBMONGOC=1', '-DHAVE_LEVELDB=1', '-DHAVE_LMDB=1', '-DHAVE_SQLITE=1', '-DHAVE_STMTIM_TVNSEC=1', '-DHAVE_SYNC_FETCH_AND_ADD=1', '../test.c', '-c', '-o/src/julea/julea/build2/.conf_check_6cd8747c32dbf9380e08bdb4021f3c68/testbuild/test.c.1.o']
[2/2] Linking [33mbuild2/.conf_check_6cd8747c32dbf9380e08bdb4021f3c68/testbuild/testprog[0m

['afl-gcc', 'test.c.1.o', '-o/src/julea/julea/build2/.conf_check_6cd8747c32dbf9380e08bdb4021f3c68/testbuild/testprog', '-Wl,-Bstatic', '-Wl,-Bdynamic']
yes
-----------------------------------------------------------------
Checking for compiler flags -Wfloat-equal
==>

int main(int argc, char **argv) {
	(void)argc; (void)argv;
	return 0;
}

<==
[1/2] Compiling [32mbuild2/.conf_check_55bc63bb9672ffab9efd56465e3ca519/test.c[0m

['afl-gcc', '-std=c11', '-fdiagnostics-color', '-Wpedantic', '-Wall', '-Wextra', '-Waggregate-return', '-Wcast-align', '-Wcast-qual', '-Wdeclaration-after-statement', '-Wdouble-promotion', '-Wduplicated-cond', '-Wfloat-equal', '-D_POSIX_C_SOURCE=200809L', '-DHAVE_LARGEFILE=1', '-DHAVE_GIO=1', '-DHAVE_GLIB=1', '-DHAVE_GMODULE=1', '-DHAVE_GOBJECT=1', '-DHAVE_GTHREAD=1', '-DHAVE_LIBBSON=1', '-DHAVE_LIBMONGOC=1', '-DHAVE_LEVELDB=1', '-DHAVE_LMDB=1', '-DHAVE_SQLITE=1', '-DHAVE_STMTIM_TVNSEC=1', '-DHAVE_SYNC_FETCH_AND_ADD=1', '../test.c', '-c', '-o/src/julea/julea/build2/.conf_check_55bc63bb9672ffab9efd56465e3ca519/testbuild/test.c.1.o']
[2/2] Linking [33mbuild2/.conf_check_55bc63bb9672ffab9efd56465e3ca519/testbuild/testprog[0m

['afl-gcc', 'test.c.1.o', '-o/src/julea/julea/build2/.conf_check_55bc63bb9672ffab9efd56465e3ca519/testbuild/testprog', '-Wl,-Bstatic', '-Wl,-Bdynamic']
yes
-----------------------------------------------------------------
Checking for compiler flags -Wformat=2
==>

int main(int argc, char **argv) {
	(void)argc; (void)argv;
	return 0;
}

<==
[1/2] Compiling [32mbuild2/.conf_check_06ce8fd85eac53569b9f57b60c4e61a8/test.c[0m

['afl-gcc', '-std=c11', '-fdiagnostics-color', '-Wpedantic', '-Wall', '-Wextra', '-Waggregate-return', '-Wcast-align', '-Wcast-qual', '-Wdeclaration-after-statement', '-Wdouble-promotion', '-Wduplicated-cond', '-Wfloat-equal', '-Wformat=2', '-D_POSIX_C_SOURCE=200809L', '-DHAVE_LARGEFILE=1', '-DHAVE_GIO=1', '-DHAVE_GLIB=1', '-DHAVE_GMODULE=1', '-DHAVE_GOBJECT=1', '-DHAVE_GTHREAD=1', '-DHAVE_LIBBSON=1', '-DHAVE_LIBMONGOC=1', '-DHAVE_LEVELDB=1', '-DHAVE_LMDB=1', '-DHAVE_SQLITE=1', '-DHAVE_STMTIM_TVNSEC=1', '-DHAVE_SYNC_FETCH_AND_ADD=1', '../test.c', '-c', '-o/src/julea/julea/build2/.conf_check_06ce8fd85eac53569b9f57b60c4e61a8/testbuild/test.c.1.o']
[2/2] Linking [33mbuild2/.conf_check_06ce8fd85eac53569b9f57b60c4e61a8/testbuild/testprog[0m

['afl-gcc', 'test.c.1.o', '-o/src/julea/julea/build2/.conf_check_06ce8fd85eac53569b9f57b60c4e61a8/testbuild/testprog', '-Wl,-Bstatic', '-Wl,-Bdynamic']
yes
-----------------------------------------------------------------
Checking for compiler flags -Winit-self
==>

int main(int argc, char **argv) {
	(void)argc; (void)argv;
	return 0;
}

<==
[1/2] Compiling [32mbuild2/.conf_check_b65295478aa12ef01f5713fc99bf28d1/test.c[0m

['afl-gcc', '-std=c11', '-fdiagnostics-color', '-Wpedantic', '-Wall', '-Wextra', '-Waggregate-return', '-Wcast-align', '-Wcast-qual', '-Wdeclaration-after-statement', '-Wdouble-promotion', '-Wduplicated-cond', '-Wfloat-equal', '-Wformat=2', '-Winit-self', '-D_POSIX_C_SOURCE=200809L', '-DHAVE_LARGEFILE=1', '-DHAVE_GIO=1', '-DHAVE_GLIB=1', '-DHAVE_GMODULE=1', '-DHAVE_GOBJECT=1', '-DHAVE_GTHREAD=1', '-DHAVE_LIBBSON=1', '-DHAVE_LIBMONGOC=1', '-DHAVE_LEVELDB=1', '-DHAVE_LMDB=1', '-DHAVE_SQLITE=1', '-DHAVE_STMTIM_TVNSEC=1', '-DHAVE_SYNC_FETCH_AND_ADD=1', '../test.c', '-c', '-o/src/julea/julea/build2/.conf_check_b65295478aa12ef01f5713fc99bf28d1/testbuild/test.c.1.o']
[2/2] Linking [33mbuild2/.conf_check_b65295478aa12ef01f5713fc99bf28d1/testbuild/testprog[0m

['afl-gcc', 'test.c.1.o', '-o/src/julea/julea/build2/.conf_check_b65295478aa12ef01f5713fc99bf28d1/testbuild/testprog', '-Wl,-Bstatic', '-Wl,-Bdynamic']
yes
-----------------------------------------------------------------
Checking for compiler flags -Winline
==>

int main(int argc, char **argv) {
	(void)argc; (void)argv;
	return 0;
}

<==
[1/2] Compiling [32mbuild2/.conf_check_263ef2ba2236ce0ffd79f56dfc573f80/test.c[0m

['afl-gcc', '-std=c11', '-fdiagnostics-color', '-Wpedantic', '-Wall', '-Wextra', '-Waggregate-return', '-Wcast-align', '-Wcast-qual', '-Wdeclaration-after-statement', '-Wdouble-promotion', '-Wduplicated-cond', '-Wfloat-equal', '-Wformat=2', '-Winit-self', '-Winline', '-D_POSIX_C_SOURCE=200809L', '-DHAVE_LARGEFILE=1', '-DHAVE_GIO=1', '-DHAVE_GLIB=1', '-DHAVE_GMODULE=1', '-DHAVE_GOBJECT=1', '-DHAVE_GTHREAD=1', '-DHAVE_LIBBSON=1', '-DHAVE_LIBMONGOC=1', '-DHAVE_LEVELDB=1', '-DHAVE_LMDB=1', '-DHAVE_SQLITE=1', '-DHAVE_STMTIM_TVNSEC=1', '-DHAVE_SYNC_FETCH_AND_ADD=1', '../test.c', '-c', '-o/src/julea/julea/build2/.conf_check_263ef2ba2236ce0ffd79f56dfc573f80/testbuild/test.c.1.o']
[2/2] Linking [33mbuild2/.conf_check_263ef2ba2236ce0ffd79f56dfc573f80/testbuild/testprog[0m

['afl-gcc', 'test.c.1.o', '-o/src/julea/julea/build2/.conf_check_263ef2ba2236ce0ffd79f56dfc573f80/testbuild/testprog', '-Wl,-Bstatic', '-Wl,-Bdynamic']
yes
-----------------------------------------------------------------
Checking for compiler flags -Wjump-misses-init
==>

int main(int argc, char **argv) {
	(void)argc; (void)argv;
	return 0;
}

<==
[1/2] Compiling [32mbuild2/.conf_check_f341499c0f626fba426a9b15803cdc63/test.c[0m

['afl-gcc', '-std=c11', '-fdiagnostics-color', '-Wpedantic', '-Wall', '-Wextra', '-Waggregate-return', '-Wcast-align', '-Wcast-qual', '-Wdeclaration-after-statement', '-Wdouble-promotion', '-Wduplicated-cond', '-Wfloat-equal', '-Wformat=2', '-Winit-self', '-Winline', '-Wjump-misses-init', '-D_POSIX_C_SOURCE=200809L', '-DHAVE_LARGEFILE=1', '-DHAVE_GIO=1', '-DHAVE_GLIB=1', '-DHAVE_GMODULE=1', '-DHAVE_GOBJECT=1', '-DHAVE_GTHREAD=1', '-DHAVE_LIBBSON=1', '-DHAVE_LIBMONGOC=1', '-DHAVE_LEVELDB=1', '-DHAVE_LMDB=1', '-DHAVE_SQLITE=1', '-DHAVE_STMTIM_TVNSEC=1', '-DHAVE_SYNC_FETCH_AND_ADD=1', '../test.c', '-c', '-o/src/julea/julea/build2/.conf_check_f341499c0f626fba426a9b15803cdc63/testbuild/test.c.1.o']
[2/2] Linking [33mbuild2/.conf_check_f341499c0f626fba426a9b15803cdc63/testbuild/testprog[0m

['afl-gcc', 'test.c.1.o', '-o/src/julea/julea/build2/.conf_check_f341499c0f626fba426a9b15803cdc63/testbuild/testprog', '-Wl,-Bstatic', '-Wl,-Bdynamic']
yes
-----------------------------------------------------------------
Checking for compiler flags -Wlogical-op
==>

int main(int argc, char **argv) {
	(void)argc; (void)argv;
	return 0;
}

<==
[1/2] Compiling [32mbuild2/.conf_check_347de5838b98b1b3ab7986cbc07756aa/test.c[0m

['afl-gcc', '-std=c11', '-fdiagnostics-color', '-Wpedantic', '-Wall', '-Wextra', '-Waggregate-return', '-Wcast-align', '-Wcast-qual', '-Wdeclaration-after-statement', '-Wdouble-promotion', '-Wduplicated-cond', '-Wfloat-equal', '-Wformat=2', '-Winit-self', '-Winline', '-Wjump-misses-init', '-Wlogical-op', '-D_POSIX_C_SOURCE=200809L', '-DHAVE_LARGEFILE=1', '-DHAVE_GIO=1', '-DHAVE_GLIB=1', '-DHAVE_GMODULE=1', '-DHAVE_GOBJECT=1', '-DHAVE_GTHREAD=1', '-DHAVE_LIBBSON=1', '-DHAVE_LIBMONGOC=1', '-DHAVE_LEVELDB=1', '-DHAVE_LMDB=1', '-DHAVE_SQLITE=1', '-DHAVE_STMTIM_TVNSEC=1', '-DHAVE_SYNC_FETCH_AND_ADD=1', '../test.c', '-c', '-o/src/julea/julea/build2/.conf_check_347de5838b98b1b3ab7986cbc07756aa/testbuild/test.c.1.o']
[2/2] Linking [33mbuild2/.conf_check_347de5838b98b1b3ab7986cbc07756aa/testbuild/testprog[0m

['afl-gcc', 'test.c.1.o', '-o/src/julea/julea/build2/.conf_check_347de5838b98b1b3ab7986cbc07756aa/testbuild/testprog', '-Wl,-Bstatic', '-Wl,-Bdynamic']
yes
-----------------------------------------------------------------
Checking for compiler flags -Wmissing-declarations
==>

int main(int argc, char **argv) {
	(void)argc; (void)argv;
	return 0;
}

<==
[1/2] Compiling [32mbuild2/.conf_check_71d8d2f80be37f10fdb22be5b066883c/test.c[0m

['afl-gcc', '-std=c11', '-fdiagnostics-color', '-Wpedantic', '-Wall', '-Wextra', '-Waggregate-return', '-Wcast-align', '-Wcast-qual', '-Wdeclaration-after-statement', '-Wdouble-promotion', '-Wduplicated-cond', '-Wfloat-equal', '-Wformat=2', '-Winit-self', '-Winline', '-Wjump-misses-init', '-Wlogical-op', '-Wmissing-declarations', '-D_POSIX_C_SOURCE=200809L', '-DHAVE_LARGEFILE=1', '-DHAVE_GIO=1', '-DHAVE_GLIB=1', '-DHAVE_GMODULE=1', '-DHAVE_GOBJECT=1', '-DHAVE_GTHREAD=1', '-DHAVE_LIBBSON=1', '-DHAVE_LIBMONGOC=1', '-DHAVE_LEVELDB=1', '-DHAVE_LMDB=1', '-DHAVE_SQLITE=1', '-DHAVE_STMTIM_TVNSEC=1', '-DHAVE_SYNC_FETCH_AND_ADD=1', '../test.c', '-c', '-o/src/julea/julea/build2/.conf_check_71d8d2f80be37f10fdb22be5b066883c/testbuild/test.c.1.o']
[2/2] Linking [33mbuild2/.conf_check_71d8d2f80be37f10fdb22be5b066883c/testbuild/testprog[0m

['afl-gcc', 'test.c.1.o', '-o/src/julea/julea/build2/.conf_check_71d8d2f80be37f10fdb22be5b066883c/testbuild/testprog', '-Wl,-Bstatic', '-Wl,-Bdynamic']
yes
-----------------------------------------------------------------
Checking for compiler flags -Wmissing-format-attribute
==>

int main(int argc, char **argv) {
	(void)argc; (void)argv;
	return 0;
}

<==
[1/2] Compiling [32mbuild2/.conf_check_d75f774c46f8fea122c35e99452d8594/test.c[0m

['afl-gcc', '-std=c11', '-fdiagnostics-color', '-Wpedantic', '-Wall', '-Wextra', '-Waggregate-return', '-Wcast-align', '-Wcast-qual', '-Wdeclaration-after-statement', '-Wdouble-promotion', '-Wduplicated-cond', '-Wfloat-equal', '-Wformat=2', '-Winit-self', '-Winline', '-Wjump-misses-init', '-Wlogical-op', '-Wmissing-declarations', '-Wmissing-format-attribute', '-D_POSIX_C_SOURCE=200809L', '-DHAVE_LARGEFILE=1', '-DHAVE_GIO=1', '-DHAVE_GLIB=1', '-DHAVE_GMODULE=1', '-DHAVE_GOBJECT=1', '-DHAVE_GTHREAD=1', '-DHAVE_LIBBSON=1', '-DHAVE_LIBMONGOC=1', '-DHAVE_LEVELDB=1', '-DHAVE_LMDB=1', '-DHAVE_SQLITE=1', '-DHAVE_STMTIM_TVNSEC=1', '-DHAVE_SYNC_FETCH_AND_ADD=1', '../test.c', '-c', '-o/src/julea/julea/build2/.conf_check_d75f774c46f8fea122c35e99452d8594/testbuild/test.c.1.o']
[2/2] Linking [33mbuild2/.conf_check_d75f774c46f8fea122c35e99452d8594/testbuild/testprog[0m

['afl-gcc', 'test.c.1.o', '-o/src/julea/julea/build2/.conf_check_d75f774c46f8fea122c35e99452d8594/testbuild/testprog', '-Wl,-Bstatic', '-Wl,-Bdynamic']
yes
-----------------------------------------------------------------
Checking for compiler flags -Wmissing-include-dirs
==>

int main(int argc, char **argv) {
	(void)argc; (void)argv;
	return 0;
}

<==
[1/2] Compiling [32mbuild2/.conf_check_1f34c5ae3fbf3e4f3181860e30cd0294/test.c[0m

['afl-gcc', '-std=c11', '-fdiagnostics-color', '-Wpedantic', '-Wall', '-Wextra', '-Waggregate-return', '-Wcast-align', '-Wcast-qual', '-Wdeclaration-after-statement', '-Wdouble-promotion', '-Wduplicated-cond', '-Wfloat-equal', '-Wformat=2', '-Winit-self', '-Winline', '-Wjump-misses-init', '-Wlogical-op', '-Wmissing-declarations', '-Wmissing-format-attribute', '-Wmissing-include-dirs', '-D_POSIX_C_SOURCE=200809L', '-DHAVE_LARGEFILE=1', '-DHAVE_GIO=1', '-DHAVE_GLIB=1', '-DHAVE_GMODULE=1', '-DHAVE_GOBJECT=1', '-DHAVE_GTHREAD=1', '-DHAVE_LIBBSON=1', '-DHAVE_LIBMONGOC=1', '-DHAVE_LEVELDB=1', '-DHAVE_LMDB=1', '-DHAVE_SQLITE=1', '-DHAVE_STMTIM_TVNSEC=1', '-DHAVE_SYNC_FETCH_AND_ADD=1', '../test.c', '-c', '-o/src/julea/julea/build2/.conf_check_1f34c5ae3fbf3e4f3181860e30cd0294/testbuild/test.c.1.o']
[2/2] Linking [33mbuild2/.conf_check_1f34c5ae3fbf3e4f3181860e30cd0294/testbuild/testprog[0m

['afl-gcc', 'test.c.1.o', '-o/src/julea/julea/build2/.conf_check_1f34c5ae3fbf3e4f3181860e30cd0294/testbuild/testprog', '-Wl,-Bstatic', '-Wl,-Bdynamic']
yes
-----------------------------------------------------------------
Checking for compiler flags -Wmissing-noreturn
==>

int main(int argc, char **argv) {
	(void)argc; (void)argv;
	return 0;
}

<==
[1/2] Compiling [32mbuild2/.conf_check_ec3a704b3c96013efad384222696ec01/test.c[0m

['afl-gcc', '-std=c11', '-fdiagnostics-color', '-Wpedantic', '-Wall', '-Wextra', '-Waggregate-return', '-Wcast-align', '-Wcast-qual', '-Wdeclaration-after-statement', '-Wdouble-promotion', '-Wduplicated-cond', '-Wfloat-equal', '-Wformat=2', '-Winit-self', '-Winline', '-Wjump-misses-init', '-Wlogical-op', '-Wmissing-declarations', '-Wmissing-format-attribute', '-Wmissing-include-dirs', '-Wmissing-noreturn', '-D_POSIX_C_SOURCE=200809L', '-DHAVE_LARGEFILE=1', '-DHAVE_GIO=1', '-DHAVE_GLIB=1', '-DHAVE_GMODULE=1', '-DHAVE_GOBJECT=1', '-DHAVE_GTHREAD=1', '-DHAVE_LIBBSON=1', '-DHAVE_LIBMONGOC=1', '-DHAVE_LEVELDB=1', '-DHAVE_LMDB=1', '-DHAVE_SQLITE=1', '-DHAVE_STMTIM_TVNSEC=1', '-DHAVE_SYNC_FETCH_AND_ADD=1', '../test.c', '-c', '-o/src/julea/julea/build2/.conf_check_ec3a704b3c96013efad384222696ec01/testbuild/test.c.1.o']
[2/2] Linking [33mbuild2/.conf_check_ec3a704b3c96013efad384222696ec01/testbuild/testprog[0m

['afl-gcc', 'test.c.1.o', '-o/src/julea/julea/build2/.conf_check_ec3a704b3c96013efad384222696ec01/testbuild/testprog', '-Wl,-Bstatic', '-Wl,-Bdynamic']
yes
-----------------------------------------------------------------
Checking for compiler flags -Wmissing-prototypes
==>

int main(int argc, char **argv) {
	(void)argc; (void)argv;
	return 0;
}

<==
[1/2] Compiling [32mbuild2/.conf_check_57c67706a1d4768c4d02605e707aa2f4/test.c[0m

['afl-gcc', '-std=c11', '-fdiagnostics-color', '-Wpedantic', '-Wall', '-Wextra', '-Waggregate-return', '-Wcast-align', '-Wcast-qual', '-Wdeclaration-after-statement', '-Wdouble-promotion', '-Wduplicated-cond', '-Wfloat-equal', '-Wformat=2', '-Winit-self', '-Winline', '-Wjump-misses-init', '-Wlogical-op', '-Wmissing-declarations', '-Wmissing-format-attribute', '-Wmissing-include-dirs', '-Wmissing-noreturn', '-Wmissing-prototypes', '-D_POSIX_C_SOURCE=200809L', '-DHAVE_LARGEFILE=1', '-DHAVE_GIO=1', '-DHAVE_GLIB=1', '-DHAVE_GMODULE=1', '-DHAVE_GOBJECT=1', '-DHAVE_GTHREAD=1', '-DHAVE_LIBBSON=1', '-DHAVE_LIBMONGOC=1', '-DHAVE_LEVELDB=1', '-DHAVE_LMDB=1', '-DHAVE_SQLITE=1', '-DHAVE_STMTIM_TVNSEC=1', '-DHAVE_SYNC_FETCH_AND_ADD=1', '../test.c', '-c', '-o/src/julea/julea/build2/.conf_check_57c67706a1d4768c4d02605e707aa2f4/testbuild/test.c.1.o']
[2/2] Linking [33mbuild2/.conf_check_57c67706a1d4768c4d02605e707aa2f4/testbuild/testprog[0m

['afl-gcc', 'test.c.1.o', '-o/src/julea/julea/build2/.conf_check_57c67706a1d4768c4d02605e707aa2f4/testbuild/testprog', '-Wl,-Bstatic', '-Wl,-Bdynamic']
yes
-----------------------------------------------------------------
Checking for compiler flags -Wnested-externs
==>

int main(int argc, char **argv) {
	(void)argc; (void)argv;
	return 0;
}

<==
[1/2] Compiling [32mbuild2/.conf_check_bc94d0962e0178b2a4f6120cbc2d5281/test.c[0m

['afl-gcc', '-std=c11', '-fdiagnostics-color', '-Wpedantic', '-Wall', '-Wextra', '-Waggregate-return', '-Wcast-align', '-Wcast-qual', '-Wdeclaration-after-statement', '-Wdouble-promotion', '-Wduplicated-cond', '-Wfloat-equal', '-Wformat=2', '-Winit-self', '-Winline', '-Wjump-misses-init', '-Wlogical-op', '-Wmissing-declarations', '-Wmissing-format-attribute', '-Wmissing-include-dirs', '-Wmissing-noreturn', '-Wmissing-prototypes', '-Wnested-externs', '-D_POSIX_C_SOURCE=200809L', '-DHAVE_LARGEFILE=1', '-DHAVE_GIO=1', '-DHAVE_GLIB=1', '-DHAVE_GMODULE=1', '-DHAVE_GOBJECT=1', '-DHAVE_GTHREAD=1', '-DHAVE_LIBBSON=1', '-DHAVE_LIBMONGOC=1', '-DHAVE_LEVELDB=1', '-DHAVE_LMDB=1', '-DHAVE_SQLITE=1', '-DHAVE_STMTIM_TVNSEC=1', '-DHAVE_SYNC_FETCH_AND_ADD=1', '../test.c', '-c', '-o/src/julea/julea/build2/.conf_check_bc94d0962e0178b2a4f6120cbc2d5281/testbuild/test.c.1.o']
[2/2] Linking [33mbuild2/.conf_check_bc94d0962e0178b2a4f6120cbc2d5281/testbuild/testprog[0m

['afl-gcc', 'test.c.1.o', '-o/src/julea/julea/build2/.conf_check_bc94d0962e0178b2a4f6120cbc2d5281/testbuild/testprog', '-Wl,-Bstatic', '-Wl,-Bdynamic']
yes
-----------------------------------------------------------------
Checking for compiler flags -Wnull-dereference
==>

int main(int argc, char **argv) {
	(void)argc; (void)argv;
	return 0;
}

<==
[1/2] Compiling [32mbuild2/.conf_check_5953b74ed470b613a657bd0fa67a3dfa/test.c[0m

['afl-gcc', '-std=c11', '-fdiagnostics-color', '-Wpedantic', '-Wall', '-Wextra', '-Waggregate-return', '-Wcast-align', '-Wcast-qual', '-Wdeclaration-after-statement', '-Wdouble-promotion', '-Wduplicated-cond', '-Wfloat-equal', '-Wformat=2', '-Winit-self', '-Winline', '-Wjump-misses-init', '-Wlogical-op', '-Wmissing-declarations', '-Wmissing-format-attribute', '-Wmissing-include-dirs', '-Wmissing-noreturn', '-Wmissing-prototypes', '-Wnested-externs', '-Wnull-dereference', '-D_POSIX_C_SOURCE=200809L', '-DHAVE_LARGEFILE=1', '-DHAVE_GIO=1', '-DHAVE_GLIB=1', '-DHAVE_GMODULE=1', '-DHAVE_GOBJECT=1', '-DHAVE_GTHREAD=1', '-DHAVE_LIBBSON=1', '-DHAVE_LIBMONGOC=1', '-DHAVE_LEVELDB=1', '-DHAVE_LMDB=1', '-DHAVE_SQLITE=1', '-DHAVE_STMTIM_TVNSEC=1', '-DHAVE_SYNC_FETCH_AND_ADD=1', '../test.c', '-c', '-o/src/julea/julea/build2/.conf_check_5953b74ed470b613a657bd0fa67a3dfa/testbuild/test.c.1.o']
[2/2] Linking [33mbuild2/.conf_check_5953b74ed470b613a657bd0fa67a3dfa/testbuild/testprog[0m

['afl-gcc', 'test.c.1.o', '-o/src/julea/julea/build2/.conf_check_5953b74ed470b613a657bd0fa67a3dfa/testbuild/testprog', '-Wl,-Bstatic', '-Wl,-Bdynamic']
yes
-----------------------------------------------------------------
Checking for compiler flags -Wold-style-definition
==>

int main(int argc, char **argv) {
	(void)argc; (void)argv;
	return 0;
}

<==
[1/2] Compiling [32mbuild2/.conf_check_b6ad3907abd251d89840d4633835f5f9/test.c[0m

['afl-gcc', '-std=c11', '-fdiagnostics-color', '-Wpedantic', '-Wall', '-Wextra', '-Waggregate-return', '-Wcast-align', '-Wcast-qual', '-Wdeclaration-after-statement', '-Wdouble-promotion', '-Wduplicated-cond', '-Wfloat-equal', '-Wformat=2', '-Winit-self', '-Winline', '-Wjump-misses-init', '-Wlogical-op', '-Wmissing-declarations', '-Wmissing-format-attribute', '-Wmissing-include-dirs', '-Wmissing-noreturn', '-Wmissing-prototypes', '-Wnested-externs', '-Wnull-dereference', '-Wold-style-definition', '-D_POSIX_C_SOURCE=200809L', '-DHAVE_LARGEFILE=1', '-DHAVE_GIO=1', '-DHAVE_GLIB=1', '-DHAVE_GMODULE=1', '-DHAVE_GOBJECT=1', '-DHAVE_GTHREAD=1', '-DHAVE_LIBBSON=1', '-DHAVE_LIBMONGOC=1', '-DHAVE_LEVELDB=1', '-DHAVE_LMDB=1', '-DHAVE_SQLITE=1', '-DHAVE_STMTIM_TVNSEC=1', '-DHAVE_SYNC_FETCH_AND_ADD=1', '../test.c', '-c', '-o/src/julea/julea/build2/.conf_check_b6ad3907abd251d89840d4633835f5f9/testbuild/test.c.1.o']
[2/2] Linking [33mbuild2/.conf_check_b6ad3907abd251d89840d4633835f5f9/testbuild/testprog[0m

['afl-gcc', 'test.c.1.o', '-o/src/julea/julea/build2/.conf_check_b6ad3907abd251d89840d4633835f5f9/testbuild/testprog', '-Wl,-Bstatic', '-Wl,-Bdynamic']
yes
-----------------------------------------------------------------
Checking for compiler flags -Wredundant-decls
==>

int main(int argc, char **argv) {
	(void)argc; (void)argv;
	return 0;
}

<==
[1/2] Compiling [32mbuild2/.conf_check_14831a2fc0746dd0ce5a665199f41a3a/test.c[0m

['afl-gcc', '-std=c11', '-fdiagnostics-color', '-Wpedantic', '-Wall', '-Wextra', '-Waggregate-return', '-Wcast-align', '-Wcast-qual', '-Wdeclaration-after-statement', '-Wdouble-promotion', '-Wduplicated-cond', '-Wfloat-equal', '-Wformat=2', '-Winit-self', '-Winline', '-Wjump-misses-init', '-Wlogical-op', '-Wmissing-declarations', '-Wmissing-format-attribute', '-Wmissing-include-dirs', '-Wmissing-noreturn', '-Wmissing-prototypes', '-Wnested-externs', '-Wnull-dereference', '-Wold-style-definition', '-Wredundant-decls', '-D_POSIX_C_SOURCE=200809L', '-DHAVE_LARGEFILE=1', '-DHAVE_GIO=1', '-DHAVE_GLIB=1', '-DHAVE_GMODULE=1', '-DHAVE_GOBJECT=1', '-DHAVE_GTHREAD=1', '-DHAVE_LIBBSON=1', '-DHAVE_LIBMONGOC=1', '-DHAVE_LEVELDB=1', '-DHAVE_LMDB=1', '-DHAVE_SQLITE=1', '-DHAVE_STMTIM_TVNSEC=1', '-DHAVE_SYNC_FETCH_AND_ADD=1', '../test.c', '-c', '-o/src/julea/julea/build2/.conf_check_14831a2fc0746dd0ce5a665199f41a3a/testbuild/test.c.1.o']
[2/2] Linking [33mbuild2/.conf_check_14831a2fc0746dd0ce5a665199f41a3a/testbuild/testprog[0m

['afl-gcc', 'test.c.1.o', '-o/src/julea/julea/build2/.conf_check_14831a2fc0746dd0ce5a665199f41a3a/testbuild/testprog', '-Wl,-Bstatic', '-Wl,-Bdynamic']
yes
-----------------------------------------------------------------
Checking for compiler flags -Wrestrict
==>

int main(int argc, char **argv) {
	(void)argc; (void)argv;
	return 0;
}

<==
[1/2] Compiling [32mbuild2/.conf_check_1291ab77df2d4ff1e536c2eeee194fcb/test.c[0m

['afl-gcc', '-std=c11', '-fdiagnostics-color', '-Wpedantic', '-Wall', '-Wextra', '-Waggregate-return', '-Wcast-align', '-Wcast-qual', '-Wdeclaration-after-statement', '-Wdouble-promotion', '-Wduplicated-cond', '-Wfloat-equal', '-Wformat=2', '-Winit-self', '-Winline', '-Wjump-misses-init', '-Wlogical-op', '-Wmissing-declarations', '-Wmissing-format-attribute', '-Wmissing-include-dirs', '-Wmissing-noreturn', '-Wmissing-prototypes', '-Wnested-externs', '-Wnull-dereference', '-Wold-style-definition', '-Wredundant-decls', '-Wrestrict', '-D_POSIX_C_SOURCE=200809L', '-DHAVE_LARGEFILE=1', '-DHAVE_GIO=1', '-DHAVE_GLIB=1', '-DHAVE_GMODULE=1', '-DHAVE_GOBJECT=1', '-DHAVE_GTHREAD=1', '-DHAVE_LIBBSON=1', '-DHAVE_LIBMONGOC=1', '-DHAVE_LEVELDB=1', '-DHAVE_LMDB=1', '-DHAVE_SQLITE=1', '-DHAVE_STMTIM_TVNSEC=1', '-DHAVE_SYNC_FETCH_AND_ADD=1', '../test.c', '-c', '-o/src/julea/julea/build2/.conf_check_1291ab77df2d4ff1e536c2eeee194fcb/testbuild/test.c.1.o']
[2/2] Linking [33mbuild2/.conf_check_1291ab77df2d4ff1e536c2eeee194fcb/testbuild/testprog[0m

['afl-gcc', 'test.c.1.o', '-o/src/julea/julea/build2/.conf_check_1291ab77df2d4ff1e536c2eeee194fcb/testbuild/testprog', '-Wl,-Bstatic', '-Wl,-Bdynamic']
yes
-----------------------------------------------------------------
Checking for compiler flags -Wshadow
==>

int main(int argc, char **argv) {
	(void)argc; (void)argv;
	return 0;
}

<==
[1/2] Compiling [32mbuild2/.conf_check_1393746a9ff4adede989869aeb984e68/test.c[0m

['afl-gcc', '-std=c11', '-fdiagnostics-color', '-Wpedantic', '-Wall', '-Wextra', '-Waggregate-return', '-Wcast-align', '-Wcast-qual', '-Wdeclaration-after-statement', '-Wdouble-promotion', '-Wduplicated-cond', '-Wfloat-equal', '-Wformat=2', '-Winit-self', '-Winline', '-Wjump-misses-init', '-Wlogical-op', '-Wmissing-declarations', '-Wmissing-format-attribute', '-Wmissing-include-dirs', '-Wmissing-noreturn', '-Wmissing-prototypes', '-Wnested-externs', '-Wnull-dereference', '-Wold-style-definition', '-Wredundant-decls', '-Wrestrict', '-Wshadow', '-D_POSIX_C_SOURCE=200809L', '-DHAVE_LARGEFILE=1', '-DHAVE_GIO=1', '-DHAVE_GLIB=1', '-DHAVE_GMODULE=1', '-DHAVE_GOBJECT=1', '-DHAVE_GTHREAD=1', '-DHAVE_LIBBSON=1', '-DHAVE_LIBMONGOC=1', '-DHAVE_LEVELDB=1', '-DHAVE_LMDB=1', '-DHAVE_SQLITE=1', '-DHAVE_STMTIM_TVNSEC=1', '-DHAVE_SYNC_FETCH_AND_ADD=1', '../test.c', '-c', '-o/src/julea/julea/build2/.conf_check_1393746a9ff4adede989869aeb984e68/testbuild/test.c.1.o']
[2/2] Linking [33mbuild2/.conf_check_1393746a9ff4adede989869aeb984e68/testbuild/testprog[0m

['afl-gcc', 'test.c.1.o', '-o/src/julea/julea/build2/.conf_check_1393746a9ff4adede989869aeb984e68/testbuild/testprog', '-Wl,-Bstatic', '-Wl,-Bdynamic']
yes
-----------------------------------------------------------------
Checking for compiler flags -Wstrict-prototypes
==>

int main(int argc, char **argv) {
	(void)argc; (void)argv;
	return 0;
}

<==
[1/2] Compiling [32mbuild2/.conf_check_deeab623e7f46ed47789ff223f85405d/test.c[0m

['afl-gcc', '-std=c11', '-fdiagnostics-color', '-Wpedantic', '-Wall', '-Wextra', '-Waggregate-return', '-Wcast-align', '-Wcast-qual', '-Wdeclaration-after-statement', '-Wdouble-promotion', '-Wduplicated-cond', '-Wfloat-equal', '-Wformat=2', '-Winit-self', '-Winline', '-Wjump-misses-init', '-Wlogical-op', '-Wmissing-declarations', '-Wmissing-format-attribute', '-Wmissing-include-dirs', '-Wmissing-noreturn', '-Wmissing-prototypes', '-Wnested-externs', '-Wnull-dereference', '-Wold-style-definition', '-Wredundant-decls', '-Wrestrict', '-Wshadow', '-Wstrict-prototypes', '-D_POSIX_C_SOURCE=200809L', '-DHAVE_LARGEFILE=1', '-DHAVE_GIO=1', '-DHAVE_GLIB=1', '-DHAVE_GMODULE=1', '-DHAVE_GOBJECT=1', '-DHAVE_GTHREAD=1', '-DHAVE_LIBBSON=1', '-DHAVE_LIBMONGOC=1', '-DHAVE_LEVELDB=1', '-DHAVE_LMDB=1', '-DHAVE_SQLITE=1', '-DHAVE_STMTIM_TVNSEC=1', '-DHAVE_SYNC_FETCH_AND_ADD=1', '../test.c', '-c', '-o/src/julea/julea/build2/.conf_check_deeab623e7f46ed47789ff223f85405d/testbuild/test.c.1.o']
[2/2] Linking [33mbuild2/.conf_check_deeab623e7f46ed47789ff223f85405d/testbuild/testprog[0m

['afl-gcc', 'test.c.1.o', '-o/src/julea/julea/build2/.conf_check_deeab623e7f46ed47789ff223f85405d/testbuild/testprog', '-Wl,-Bstatic', '-Wl,-Bdynamic']
yes
-----------------------------------------------------------------
Checking for compiler flags -Wswitch-default
==>

int main(int argc, char **argv) {
	(void)argc; (void)argv;
	return 0;
}

<==
[1/2] Compiling [32mbuild2/.conf_check_5eac5b11e56f938b1a4256be123f6502/test.c[0m

['afl-gcc', '-std=c11', '-fdiagnostics-color', '-Wpedantic', '-Wall', '-Wextra', '-Waggregate-return', '-Wcast-align', '-Wcast-qual', '-Wdeclaration-after-statement', '-Wdouble-promotion', '-Wduplicated-cond', '-Wfloat-equal', '-Wformat=2', '-Winit-self', '-Winline', '-Wjump-misses-init', '-Wlogical-op', '-Wmissing-declarations', '-Wmissing-format-attribute', '-Wmissing-include-dirs', '-Wmissing-noreturn', '-Wmissing-prototypes', '-Wnested-externs', '-Wnull-dereference', '-Wold-style-definition', '-Wredundant-decls', '-Wrestrict', '-Wshadow', '-Wstrict-prototypes', '-Wswitch-default', '-D_POSIX_C_SOURCE=200809L', '-DHAVE_LARGEFILE=1', '-DHAVE_GIO=1', '-DHAVE_GLIB=1', '-DHAVE_GMODULE=1', '-DHAVE_GOBJECT=1', '-DHAVE_GTHREAD=1', '-DHAVE_LIBBSON=1', '-DHAVE_LIBMONGOC=1', '-DHAVE_LEVELDB=1', '-DHAVE_LMDB=1', '-DHAVE_SQLITE=1', '-DHAVE_STMTIM_TVNSEC=1', '-DHAVE_SYNC_FETCH_AND_ADD=1', '../test.c', '-c', '-o/src/julea/julea/build2/.conf_check_5eac5b11e56f938b1a4256be123f6502/testbuild/test.c.1.o']
[2/2] Linking [33mbuild2/.conf_check_5eac5b11e56f938b1a4256be123f6502/testbuild/testprog[0m

['afl-gcc', 'test.c.1.o', '-o/src/julea/julea/build2/.conf_check_5eac5b11e56f938b1a4256be123f6502/testbuild/testprog', '-Wl,-Bstatic', '-Wl,-Bdynamic']
yes
-----------------------------------------------------------------
Checking for compiler flags -Wswitch-enum
==>

int main(int argc, char **argv) {
	(void)argc; (void)argv;
	return 0;
}

<==
[1/2] Compiling [32mbuild2/.conf_check_7f22a0b9bb765a72f253645630a14178/test.c[0m

['afl-gcc', '-std=c11', '-fdiagnostics-color', '-Wpedantic', '-Wall', '-Wextra', '-Waggregate-return', '-Wcast-align', '-Wcast-qual', '-Wdeclaration-after-statement', '-Wdouble-promotion', '-Wduplicated-cond', '-Wfloat-equal', '-Wformat=2', '-Winit-self', '-Winline', '-Wjump-misses-init', '-Wlogical-op', '-Wmissing-declarations', '-Wmissing-format-attribute', '-Wmissing-include-dirs', '-Wmissing-noreturn', '-Wmissing-prototypes', '-Wnested-externs', '-Wnull-dereference', '-Wold-style-definition', '-Wredundant-decls', '-Wrestrict', '-Wshadow', '-Wstrict-prototypes', '-Wswitch-default', '-Wswitch-enum', '-D_POSIX_C_SOURCE=200809L', '-DHAVE_LARGEFILE=1', '-DHAVE_GIO=1', '-DHAVE_GLIB=1', '-DHAVE_GMODULE=1', '-DHAVE_GOBJECT=1', '-DHAVE_GTHREAD=1', '-DHAVE_LIBBSON=1', '-DHAVE_LIBMONGOC=1', '-DHAVE_LEVELDB=1', '-DHAVE_LMDB=1', '-DHAVE_SQLITE=1', '-DHAVE_STMTIM_TVNSEC=1', '-DHAVE_SYNC_FETCH_AND_ADD=1', '../test.c', '-c', '-o/src/julea/julea/build2/.conf_check_7f22a0b9bb765a72f253645630a14178/testbuild/test.c.1.o']
[2/2] Linking [33mbuild2/.conf_check_7f22a0b9bb765a72f253645630a14178/testbuild/testprog[0m

['afl-gcc', 'test.c.1.o', '-o/src/julea/julea/build2/.conf_check_7f22a0b9bb765a72f253645630a14178/testbuild/testprog', '-Wl,-Bstatic', '-Wl,-Bdynamic']
yes
-----------------------------------------------------------------
Checking for compiler flags -Wundef
==>

int main(int argc, char **argv) {
	(void)argc; (void)argv;
	return 0;
}

<==
[1/2] Compiling [32mbuild2/.conf_check_a35ff38ceaeb87e349dfd5b315bf9835/test.c[0m

['afl-gcc', '-std=c11', '-fdiagnostics-color', '-Wpedantic', '-Wall', '-Wextra', '-Waggregate-return', '-Wcast-align', '-Wcast-qual', '-Wdeclaration-after-statement', '-Wdouble-promotion', '-Wduplicated-cond', '-Wfloat-equal', '-Wformat=2', '-Winit-self', '-Winline', '-Wjump-misses-init', '-Wlogical-op', '-Wmissing-declarations', '-Wmissing-format-attribute', '-Wmissing-include-dirs', '-Wmissing-noreturn', '-Wmissing-prototypes', '-Wnested-externs', '-Wnull-dereference', '-Wold-style-definition', '-Wredundant-decls', '-Wrestrict', '-Wshadow', '-Wstrict-prototypes', '-Wswitch-default', '-Wswitch-enum', '-Wundef', '-D_POSIX_C_SOURCE=200809L', '-DHAVE_LARGEFILE=1', '-DHAVE_GIO=1', '-DHAVE_GLIB=1', '-DHAVE_GMODULE=1', '-DHAVE_GOBJECT=1', '-DHAVE_GTHREAD=1', '-DHAVE_LIBBSON=1', '-DHAVE_LIBMONGOC=1', '-DHAVE_LEVELDB=1', '-DHAVE_LMDB=1', '-DHAVE_SQLITE=1', '-DHAVE_STMTIM_TVNSEC=1', '-DHAVE_SYNC_FETCH_AND_ADD=1', '../test.c', '-c', '-o/src/julea/julea/build2/.conf_check_a35ff38ceaeb87e349dfd5b315bf9835/testbuild/test.c.1.o']
[2/2] Linking [33mbuild2/.conf_check_a35ff38ceaeb87e349dfd5b315bf9835/testbuild/testprog[0m

['afl-gcc', 'test.c.1.o', '-o/src/julea/julea/build2/.conf_check_a35ff38ceaeb87e349dfd5b315bf9835/testbuild/testprog', '-Wl,-Bstatic', '-Wl,-Bdynamic']
yes
-----------------------------------------------------------------
Checking for compiler flags -Wuninitialized
==>

int main(int argc, char **argv) {
	(void)argc; (void)argv;
	return 0;
}

<==
[1/2] Compiling [32mbuild2/.conf_check_60e3ffbbd8a3d9f78eb051141cf821a9/test.c[0m

['afl-gcc', '-std=c11', '-fdiagnostics-color', '-Wpedantic', '-Wall', '-Wextra', '-Waggregate-return', '-Wcast-align', '-Wcast-qual', '-Wdeclaration-after-statement', '-Wdouble-promotion', '-Wduplicated-cond', '-Wfloat-equal', '-Wformat=2', '-Winit-self', '-Winline', '-Wjump-misses-init', '-Wlogical-op', '-Wmissing-declarations', '-Wmissing-format-attribute', '-Wmissing-include-dirs', '-Wmissing-noreturn', '-Wmissing-prototypes', '-Wnested-externs', '-Wnull-dereference', '-Wold-style-definition', '-Wredundant-decls', '-Wrestrict', '-Wshadow', '-Wstrict-prototypes', '-Wswitch-default', '-Wswitch-enum', '-Wundef', '-Wuninitialized', '-D_POSIX_C_SOURCE=200809L', '-DHAVE_LARGEFILE=1', '-DHAVE_GIO=1', '-DHAVE_GLIB=1', '-DHAVE_GMODULE=1', '-DHAVE_GOBJECT=1', '-DHAVE_GTHREAD=1', '-DHAVE_LIBBSON=1', '-DHAVE_LIBMONGOC=1', '-DHAVE_LEVELDB=1', '-DHAVE_LMDB=1', '-DHAVE_SQLITE=1', '-DHAVE_STMTIM_TVNSEC=1', '-DHAVE_SYNC_FETCH_AND_ADD=1', '../test.c', '-c', '-o/src/julea/julea/build2/.conf_check_60e3ffbbd8a3d9f78eb051141cf821a9/testbuild/test.c.1.o']
[2/2] Linking [33mbuild2/.conf_check_60e3ffbbd8a3d9f78eb051141cf821a9/testbuild/testprog[0m

['afl-gcc', 'test.c.1.o', '-o/src/julea/julea/build2/.conf_check_60e3ffbbd8a3d9f78eb051141cf821a9/testbuild/testprog', '-Wl,-Bstatic', '-Wl,-Bdynamic']
yes
-----------------------------------------------------------------
Checking for compiler flags -Wwrite-strings
==>

int main(int argc, char **argv) {
	(void)argc; (void)argv;
	return 0;
}

<==
[1/2] Compiling [32mbuild2/.conf_check_010a3ffa2bfa0cf8569377efe8ace259/test.c[0m

['afl-gcc', '-std=c11', '-fdiagnostics-color', '-Wpedantic', '-Wall', '-Wextra', '-Waggregate-return', '-Wcast-align', '-Wcast-qual', '-Wdeclaration-after-statement', '-Wdouble-promotion', '-Wduplicated-cond', '-Wfloat-equal', '-Wformat=2', '-Winit-self', '-Winline', '-Wjump-misses-init', '-Wlogical-op', '-Wmissing-declarations', '-Wmissing-format-attribute', '-Wmissing-include-dirs', '-Wmissing-noreturn', '-Wmissing-prototypes', '-Wnested-externs', '-Wnull-dereference', '-Wold-style-definition', '-Wredundant-decls', '-Wrestrict', '-Wshadow', '-Wstrict-prototypes', '-Wswitch-default', '-Wswitch-enum', '-Wundef', '-Wuninitialized', '-Wwrite-strings', '-D_POSIX_C_SOURCE=200809L', '-DHAVE_LARGEFILE=1', '-DHAVE_GIO=1', '-DHAVE_GLIB=1', '-DHAVE_GMODULE=1', '-DHAVE_GOBJECT=1', '-DHAVE_GTHREAD=1', '-DHAVE_LIBBSON=1', '-DHAVE_LIBMONGOC=1', '-DHAVE_LEVELDB=1', '-DHAVE_LMDB=1', '-DHAVE_SQLITE=1', '-DHAVE_STMTIM_TVNSEC=1', '-DHAVE_SYNC_FETCH_AND_ADD=1', '../test.c', '-c', '-o/src/julea/julea/build2/.conf_check_010a3ffa2bfa0cf8569377efe8ace259/testbuild/test.c.1.o']
[2/2] Linking [33mbuild2/.conf_check_010a3ffa2bfa0cf8569377efe8ace259/testbuild/testprog[0m

['afl-gcc', 'test.c.1.o', '-o/src/julea/julea/build2/.conf_check_010a3ffa2bfa0cf8569377efe8ace259/testbuild/testprog', '-Wl,-Bstatic', '-Wl,-Bdynamic']
yes
-----------------------------------------------------------------
Checking for compiler flags -fno-omit-frame-pointer
==>

int main(int argc, char **argv) {
	(void)argc; (void)argv;
	return 0;
}

<==
[1/2] Compiling [32mbuild2/.conf_check_bab8898995a12a77c9b4eb38defccb76/test.c[0m

['afl-gcc', '-std=c11', '-fdiagnostics-color', '-Wpedantic', '-Wall', '-Wextra', '-Waggregate-return', '-Wcast-align', '-Wcast-qual', '-Wdeclaration-after-statement', '-Wdouble-promotion', '-Wduplicated-cond', '-Wfloat-equal', '-Wformat=2', '-Winit-self', '-Winline', '-Wjump-misses-init', '-Wlogical-op', '-Wmissing-declarations', '-Wmissing-format-attribute', '-Wmissing-include-dirs', '-Wmissing-noreturn', '-Wmissing-prototypes', '-Wnested-externs', '-Wnull-dereference', '-Wold-style-definition', '-Wredundant-decls', '-Wrestrict', '-Wshadow', '-Wstrict-prototypes', '-Wswitch-default', '-Wswitch-enum', '-Wundef', '-Wuninitialized', '-Wwrite-strings', '-fno-omit-frame-pointer', '-D_POSIX_C_SOURCE=200809L', '-DHAVE_LARGEFILE=1', '-DHAVE_GIO=1', '-DHAVE_GLIB=1', '-DHAVE_GMODULE=1', '-DHAVE_GOBJECT=1', '-DHAVE_GTHREAD=1', '-DHAVE_LIBBSON=1', '-DHAVE_LIBMONGOC=1', '-DHAVE_LEVELDB=1', '-DHAVE_LMDB=1', '-DHAVE_SQLITE=1', '-DHAVE_STMTIM_TVNSEC=1', '-DHAVE_SYNC_FETCH_AND_ADD=1', '../test.c', '-c', '-o/src/julea/julea/build2/.conf_check_bab8898995a12a77c9b4eb38defccb76/testbuild/test.c.1.o']
[2/2] Linking [33mbuild2/.conf_check_bab8898995a12a77c9b4eb38defccb76/testbuild/testprog[0m

['afl-gcc', 'test.c.1.o', '-o/src/julea/julea/build2/.conf_check_bab8898995a12a77c9b4eb38defccb76/testbuild/testprog', '-Wl,-Bstatic', '-Wl,-Bdynamic']
yes
-----------------------------------------------------------------
Checking for compiler flags -ggdb
==>

int main(int argc, char **argv) {
	(void)argc; (void)argv;
	return 0;
}

<==
[1/2] Compiling [32mbuild2/.conf_check_8eddca7be69946cd1e7fed7ee27175fd/test.c[0m

['afl-gcc', '-std=c11', '-fdiagnostics-color', '-Wpedantic', '-Wall', '-Wextra', '-Waggregate-return', '-Wcast-align', '-Wcast-qual', '-Wdeclaration-after-statement', '-Wdouble-promotion', '-Wduplicated-cond', '-Wfloat-equal', '-Wformat=2', '-Winit-self', '-Winline', '-Wjump-misses-init', '-Wlogical-op', '-Wmissing-declarations', '-Wmissing-format-attribute', '-Wmissing-include-dirs', '-Wmissing-noreturn', '-Wmissing-prototypes', '-Wnested-externs', '-Wnull-dereference', '-Wold-style-definition', '-Wredundant-decls', '-Wrestrict', '-Wshadow', '-Wstrict-prototypes', '-Wswitch-default', '-Wswitch-enum', '-Wundef', '-Wuninitialized', '-Wwrite-strings', '-fno-omit-frame-pointer', '-ggdb', '-D_POSIX_C_SOURCE=200809L', '-DHAVE_LARGEFILE=1', '-DHAVE_GIO=1', '-DHAVE_GLIB=1', '-DHAVE_GMODULE=1', '-DHAVE_GOBJECT=1', '-DHAVE_GTHREAD=1', '-DHAVE_LIBBSON=1', '-DHAVE_LIBMONGOC=1', '-DHAVE_LEVELDB=1', '-DHAVE_LMDB=1', '-DHAVE_SQLITE=1', '-DHAVE_STMTIM_TVNSEC=1', '-DHAVE_SYNC_FETCH_AND_ADD=1', '../test.c', '-c', '-o/src/julea/julea/build2/.conf_check_8eddca7be69946cd1e7fed7ee27175fd/testbuild/test.c.1.o']
[2/2] Linking [33mbuild2/.conf_check_8eddca7be69946cd1e7fed7ee27175fd/testbuild/testprog[0m

['afl-gcc', 'test.c.1.o', '-o/src/julea/julea/build2/.conf_check_8eddca7be69946cd1e7fed7ee27175fd/testbuild/testprog', '-Wl,-Bstatic', '-Wl,-Bdynamic']
yes
-----------------------------------------------------------------
Setting backend paths to
/src/julea/julea/build/backend, /usr/local/lib/julea/backend
